2023-01-09 17:42:44,360 INFO o.a.j.u.JMeterUtils: Setting Locale to en_US
2023-01-09 17:42:44,406 INFO o.a.j.JMeter: Loading user properties from: user.properties
2023-01-09 17:42:44,407 INFO o.a.j.JMeter: Loading system properties from: system.properties
2023-01-09 17:42:44,421 INFO o.a.j.JMeter: Copyright (c) 1998-2022 The Apache Software Foundation
2023-01-09 17:42:44,421 INFO o.a.j.JMeter: Version 5.5
2023-01-09 17:42:44,422 INFO o.a.j.JMeter: java.version=17.0.1
2023-01-09 17:42:44,422 INFO o.a.j.JMeter: java.vm.name=Java HotSpot(TM) 64-Bit Server VM
2023-01-09 17:42:44,422 INFO o.a.j.JMeter: os.name=Windows 10
2023-01-09 17:42:44,422 INFO o.a.j.JMeter: os.arch=amd64
2023-01-09 17:42:44,422 INFO o.a.j.JMeter: os.version=10.0
2023-01-09 17:42:44,423 INFO o.a.j.JMeter: file.encoding=Cp1252
2023-01-09 17:42:44,423 INFO o.a.j.JMeter: java.awt.headless=null
2023-01-09 17:42:44,423 INFO o.a.j.JMeter: Max memory     =2116026368
2023-01-09 17:42:44,423 INFO o.a.j.JMeter: Available Processors =4
2023-01-09 17:42:44,437 INFO o.a.j.JMeter: Default Locale=English (United States)
2023-01-09 17:42:44,438 INFO o.a.j.JMeter: JMeter  Locale=English (United States)
2023-01-09 17:42:44,438 INFO o.a.j.JMeter: JMeterHome=C:\Users\USER\Desktop\apache-jmeter-5.5
2023-01-09 17:42:44,438 INFO o.a.j.JMeter: user.dir  =C:\Users\USER\Desktop\apache-jmeter-5.5\bin
2023-01-09 17:42:44,439 INFO o.a.j.JMeter: PWD       =C:\Users\USER\Desktop\apache-jmeter-5.5\bin
2023-01-09 17:42:44,524 INFO o.a.j.JMeter: IP: 192.168.1.76 Name: DESKTOP-AN9RSKU FullName: 192.168.1.76
2023-01-09 17:42:44,555 INFO o.a.j.JMeter: Loaded icon properties from org/apache/jmeter/images/icon.properties
2023-01-09 17:42:44,961 INFO o.a.j.JMeterGuiLauncher: Setting LAF to: laf:javax.swing.plaf.metal.MetalLookAndFeel
2023-01-09 17:42:47,797 INFO o.j.r.JARSourceHTTP: Requesting https://jmeter-plugins.org/repo/?installID=windows_10-cd06254b5fbe45fe2ad399748bca304a-gui
2023-01-09 17:42:50,971 INFO o.j.r.PluginManager: Plugins Status: [jpgc-plugins-manager=1.4, jpgc-webdriver=3.3, jmeter-core=5.5, jmeter-ftp=5.5, jmeter-http=5.5, jmeter-jdbc=5.5, jmeter-jms=5.5, jmeter-junit=5.5, jmeter-java=5.5, jmeter-ldap=5.5, jmeter-mail=5.5, jmeter-mongodb=5.5, jmeter-native=5.5, jmeter-tcp=5.5, jmeter-components=5.5]
2023-01-09 17:42:50,973 INFO o.j.r.PluginManagerMenuItem: Plugins Manager has upgrades: [jpgc-plugins-manager, jpgc-webdriver]
2023-01-09 17:43:00,570 INFO o.a.j.s.FileServer: Default base='C:\Users\USER\Desktop\apache-jmeter-5.5\bin'
2023-01-09 17:43:00,576 INFO o.a.j.g.a.Load: Loading file: C:\Users\USER\Desktop\apache-jmeter-5.5\bin\templates\trendyolJmeter.jmx
2023-01-09 17:43:00,576 INFO o.a.j.s.FileServer: Set new base='C:\Users\USER\Desktop\apache-jmeter-5.5\bin\templates'
2023-01-09 17:43:00,852 INFO o.a.j.s.SaveService: Testplan (JMX) version: 2.2. Testlog (JTL) version: 2.2
2023-01-09 17:43:00,864 INFO o.a.j.s.SaveService: Using SaveService properties version 5.0
2023-01-09 17:43:00,868 INFO o.a.j.s.SaveService: Using SaveService properties file encoding UTF-8
2023-01-09 17:43:00,871 INFO o.a.j.s.SaveService: Loading file: C:\Users\USER\Desktop\apache-jmeter-5.5\bin\templates\trendyolJmeter.jmx
2023-01-09 17:43:00,873 WARN o.j.r.p.TestPlanAnalyzer: Failed read jmx file
java.io.FileNotFoundException: C:\Users\USER\Desktop\apache-jmeter-5.5\bin\templates\trendyolJmeter.jmx (The system cannot find the file specified)
	at java.io.FileInputStream.open0(Native Method) ~[?:?]
	at java.io.FileInputStream.open(FileInputStream.java:216) ~[?:?]
	at java.io.FileInputStream.<init>(FileInputStream.java:157) ~[?:?]
	at org.jmeterplugins.repository.plugins.TestPlanAnalyzer.readBytesFromFile(TestPlanAnalyzer.java:64) ~[jmeter-plugins-manager-1.4.jar:?]
	at org.jmeterplugins.repository.plugins.TestPlanAnalyzer.getNodeListWithClassNames(TestPlanAnalyzer.java:103) ~[jmeter-plugins-manager-1.4.jar:?]
	at org.jmeterplugins.repository.plugins.TestPlanAnalyzer.analyze(TestPlanAnalyzer.java:33) ~[jmeter-plugins-manager-1.4.jar:?]
	at org.jmeterplugins.repository.plugins.PluginSuggester.analyzeTestPlan(PluginSuggester.java:51) ~[jmeter-plugins-manager-1.4.jar:?]
	at org.jmeterplugins.repository.plugins.PluginSuggester.findPluginsToInstall(PluginSuggester.java:44) ~[jmeter-plugins-manager-1.4.jar:?]
	at org.jmeterplugins.repository.plugins.PluginSuggester.checkAndSuggest(PluginSuggester.java:28) ~[jmeter-plugins-manager-1.4.jar:?]
	at org.jmeterplugins.repository.logging.LoggerAppender.append(LoggerAppender.java:33) ~[jmeter-plugins-manager-1.4.jar:?]
	at org.apache.logging.log4j.core.config.AppenderControl.tryCallAppender(AppenderControl.java:161) ~[log4j-core-2.17.2.jar:2.17.2]
	at org.apache.logging.log4j.core.config.AppenderControl.callAppender0(AppenderControl.java:134) ~[log4j-core-2.17.2.jar:2.17.2]
	at org.apache.logging.log4j.core.config.AppenderControl.callAppenderPreventRecursion(AppenderControl.java:125) ~[log4j-core-2.17.2.jar:2.17.2]
	at org.apache.logging.log4j.core.config.AppenderControl.callAppender(AppenderControl.java:89) ~[log4j-core-2.17.2.jar:2.17.2]
	at org.apache.logging.log4j.core.config.LoggerConfig.callAppenders(LoggerConfig.java:675) ~[log4j-core-2.17.2.jar:2.17.2]
	at org.apache.logging.log4j.core.config.LoggerConfig.processLogEvent(LoggerConfig.java:633) ~[log4j-core-2.17.2.jar:2.17.2]
	at org.apache.logging.log4j.core.config.LoggerConfig.log(LoggerConfig.java:616) ~[log4j-core-2.17.2.jar:2.17.2]
	at org.apache.logging.log4j.core.config.LoggerConfig.log(LoggerConfig.java:552) ~[log4j-core-2.17.2.jar:2.17.2]
	at org.apache.logging.log4j.core.config.AwaitCompletionReliabilityStrategy.log(AwaitCompletionReliabilityStrategy.java:82) ~[log4j-core-2.17.2.jar:2.17.2]
	at org.apache.logging.log4j.core.Logger.log(Logger.java:161) ~[log4j-core-2.17.2.jar:2.17.2]
	at org.apache.logging.log4j.spi.AbstractLogger.tryLogMessage(AbstractLogger.java:2205) ~[log4j-api-2.17.2.jar:2.17.2]
	at org.apache.logging.log4j.spi.AbstractLogger.logMessageTrackRecursion(AbstractLogger.java:2159) ~[log4j-api-2.17.2.jar:2.17.2]
	at org.apache.logging.log4j.spi.AbstractLogger.logMessageSafely(AbstractLogger.java:2142) ~[log4j-api-2.17.2.jar:2.17.2]
	at org.apache.logging.log4j.spi.AbstractLogger.logMessage(AbstractLogger.java:2034) ~[log4j-api-2.17.2.jar:2.17.2]
	at org.apache.logging.log4j.spi.AbstractLogger.logIfEnabled(AbstractLogger.java:1899) ~[log4j-api-2.17.2.jar:2.17.2]
	at org.apache.logging.slf4j.Log4jLogger.info(Log4jLogger.java:184) ~[log4j-slf4j-impl-2.17.2.jar:2.17.2]
	at org.apache.jmeter.save.SaveService.loadTree(SaveService.java:425) ~[ApacheJMeter_core.jar:5.5]
	at org.apache.jmeter.gui.action.Load.loadProjectFile(Load.java:129) ~[ApacheJMeter_core.jar:5.5]
	at org.apache.jmeter.gui.action.Load.loadProjectFile(Load.java:101) ~[ApacheJMeter_core.jar:5.5]
	at org.apache.jmeter.gui.action.LoadRecentProject.doActionAfterCheck(LoadRecentProject.java:71) ~[ApacheJMeter_core.jar:5.5]
	at org.apache.jmeter.gui.action.AbstractActionWithNoRunningTest.doAction(AbstractActionWithNoRunningTest.java:44) ~[ApacheJMeter_core.jar:5.5]
	at org.apache.jmeter.gui.action.ActionRouter.performAction(ActionRouter.java:87) ~[ApacheJMeter_core.jar:5.5]
	at org.apache.jmeter.gui.action.ActionRouter.lambda$actionPerformed$0(ActionRouter.java:69) ~[ApacheJMeter_core.jar:5.5]
	at java.awt.event.InvocationEvent.dispatch(InvocationEvent.java:318) ~[?:?]
	at java.awt.EventQueue.dispatchEventImpl(EventQueue.java:771) ~[?:?]
	at java.awt.EventQueue$4.run(EventQueue.java:722) ~[?:?]
	at java.awt.EventQueue$4.run(EventQueue.java:716) ~[?:?]
	at java.security.AccessController.doPrivileged(AccessController.java:399) ~[?:?]
	at java.security.ProtectionDomain$JavaSecurityAccessImpl.doIntersectionPrivilege(ProtectionDomain.java:86) ~[?:?]
	at java.awt.EventQueue.dispatchEvent(EventQueue.java:741) ~[?:?]
	at java.awt.EventDispatchThread.pumpOneEventForFilters(EventDispatchThread.java:203) ~[?:?]
	at java.awt.EventDispatchThread.pumpEventsForFilter(EventDispatchThread.java:124) ~[?:?]
	at java.awt.EventDispatchThread.pumpEventsForHierarchy(EventDispatchThread.java:113) ~[?:?]
	at java.awt.EventDispatchThread.pumpEvents(EventDispatchThread.java:109) ~[?:?]
	at java.awt.EventDispatchThread.pumpEvents(EventDispatchThread.java:101) ~[?:?]
	at java.awt.EventDispatchThread.run(EventDispatchThread.java:90) ~[?:?]
2023-01-09 17:43:00,899 WARN o.j.r.p.TestPlanAnalyzer: Cannot parse file: C:\Users\USER\Desktop\apache-jmeter-5.5\bin\templates\trendyolJmeter.jmx
org.xml.sax.SAXParseException: Premature end of file.
	at org.apache.xerces.parsers.DOMParser.parse(Unknown Source) ~[xercesImpl-2.12.2.jar:?]
	at org.apache.xerces.jaxp.DocumentBuilderImpl.parse(Unknown Source) ~[xercesImpl-2.12.2.jar:?]
	at javax.xml.parsers.DocumentBuilder.parse(DocumentBuilder.java:122) ~[?:?]
	at org.jmeterplugins.repository.plugins.TestPlanAnalyzer.getNodeListWithClassNames(TestPlanAnalyzer.java:104) ~[jmeter-plugins-manager-1.4.jar:?]
	at org.jmeterplugins.repository.plugins.TestPlanAnalyzer.analyze(TestPlanAnalyzer.java:33) ~[jmeter-plugins-manager-1.4.jar:?]
	at org.jmeterplugins.repository.plugins.PluginSuggester.analyzeTestPlan(PluginSuggester.java:51) ~[jmeter-plugins-manager-1.4.jar:?]
	at org.jmeterplugins.repository.plugins.PluginSuggester.findPluginsToInstall(PluginSuggester.java:44) ~[jmeter-plugins-manager-1.4.jar:?]
	at org.jmeterplugins.repository.plugins.PluginSuggester.checkAndSuggest(PluginSuggester.java:28) ~[jmeter-plugins-manager-1.4.jar:?]
	at org.jmeterplugins.repository.logging.LoggerAppender.append(LoggerAppender.java:33) ~[jmeter-plugins-manager-1.4.jar:?]
	at org.apache.logging.log4j.core.config.AppenderControl.tryCallAppender(AppenderControl.java:161) ~[log4j-core-2.17.2.jar:2.17.2]
	at org.apache.logging.log4j.core.config.AppenderControl.callAppender0(AppenderControl.java:134) ~[log4j-core-2.17.2.jar:2.17.2]
	at org.apache.logging.log4j.core.config.AppenderControl.callAppenderPreventRecursion(AppenderControl.java:125) ~[log4j-core-2.17.2.jar:2.17.2]
	at org.apache.logging.log4j.core.config.AppenderControl.callAppender(AppenderControl.java:89) ~[log4j-core-2.17.2.jar:2.17.2]
	at org.apache.logging.log4j.core.config.LoggerConfig.callAppenders(LoggerConfig.java:675) ~[log4j-core-2.17.2.jar:2.17.2]
	at org.apache.logging.log4j.core.config.LoggerConfig.processLogEvent(LoggerConfig.java:633) ~[log4j-core-2.17.2.jar:2.17.2]
	at org.apache.logging.log4j.core.config.LoggerConfig.log(LoggerConfig.java:616) ~[log4j-core-2.17.2.jar:2.17.2]
	at org.apache.logging.log4j.core.config.LoggerConfig.log(LoggerConfig.java:552) ~[log4j-core-2.17.2.jar:2.17.2]
	at org.apache.logging.log4j.core.config.AwaitCompletionReliabilityStrategy.log(AwaitCompletionReliabilityStrategy.java:82) ~[log4j-core-2.17.2.jar:2.17.2]
	at org.apache.logging.log4j.core.Logger.log(Logger.java:161) ~[log4j-core-2.17.2.jar:2.17.2]
	at org.apache.logging.log4j.spi.AbstractLogger.tryLogMessage(AbstractLogger.java:2205) ~[log4j-api-2.17.2.jar:2.17.2]
	at org.apache.logging.log4j.spi.AbstractLogger.logMessageTrackRecursion(AbstractLogger.java:2159) ~[log4j-api-2.17.2.jar:2.17.2]
	at org.apache.logging.log4j.spi.AbstractLogger.logMessageSafely(AbstractLogger.java:2142) ~[log4j-api-2.17.2.jar:2.17.2]
	at org.apache.logging.log4j.spi.AbstractLogger.logMessage(AbstractLogger.java:2034) ~[log4j-api-2.17.2.jar:2.17.2]
	at org.apache.logging.log4j.spi.AbstractLogger.logIfEnabled(AbstractLogger.java:1899) ~[log4j-api-2.17.2.jar:2.17.2]
	at org.apache.logging.slf4j.Log4jLogger.info(Log4jLogger.java:184) ~[log4j-slf4j-impl-2.17.2.jar:2.17.2]
	at org.apache.jmeter.save.SaveService.loadTree(SaveService.java:425) ~[ApacheJMeter_core.jar:5.5]
	at org.apache.jmeter.gui.action.Load.loadProjectFile(Load.java:129) ~[ApacheJMeter_core.jar:5.5]
	at org.apache.jmeter.gui.action.Load.loadProjectFile(Load.java:101) ~[ApacheJMeter_core.jar:5.5]
	at org.apache.jmeter.gui.action.LoadRecentProject.doActionAfterCheck(LoadRecentProject.java:71) ~[ApacheJMeter_core.jar:5.5]
	at org.apache.jmeter.gui.action.AbstractActionWithNoRunningTest.doAction(AbstractActionWithNoRunningTest.java:44) ~[ApacheJMeter_core.jar:5.5]
	at org.apache.jmeter.gui.action.ActionRouter.performAction(ActionRouter.java:87) ~[ApacheJMeter_core.jar:5.5]
	at org.apache.jmeter.gui.action.ActionRouter.lambda$actionPerformed$0(ActionRouter.java:69) ~[ApacheJMeter_core.jar:5.5]
	at java.awt.event.InvocationEvent.dispatch(InvocationEvent.java:318) ~[?:?]
	at java.awt.EventQueue.dispatchEventImpl(EventQueue.java:771) ~[?:?]
	at java.awt.EventQueue$4.run(EventQueue.java:722) ~[?:?]
	at java.awt.EventQueue$4.run(EventQueue.java:716) ~[?:?]
	at java.security.AccessController.doPrivileged(AccessController.java:399) ~[?:?]
	at java.security.ProtectionDomain$JavaSecurityAccessImpl.doIntersectionPrivilege(ProtectionDomain.java:86) ~[?:?]
	at java.awt.EventQueue.dispatchEvent(EventQueue.java:741) ~[?:?]
	at java.awt.EventDispatchThread.pumpOneEventForFilters(EventDispatchThread.java:203) ~[?:?]
	at java.awt.EventDispatchThread.pumpEventsForFilter(EventDispatchThread.java:124) ~[?:?]
	at java.awt.EventDispatchThread.pumpEventsForHierarchy(EventDispatchThread.java:113) ~[?:?]
	at java.awt.EventDispatchThread.pumpEvents(EventDispatchThread.java:109) ~[?:?]
	at java.awt.EventDispatchThread.pumpEvents(EventDispatchThread.java:101) ~[?:?]
	at java.awt.EventDispatchThread.run(EventDispatchThread.java:90) ~[?:?]
2023-01-09 17:43:00,902 WARN o.a.j.g.a.Load: Error reading file. java.io.FileNotFoundException: C:\Users\USER\Desktop\apache-jmeter-5.5\bin\templates\trendyolJmeter.jmx (The system cannot find the file specified)
2023-01-09 17:43:00,902 ERROR o.a.j.u.JMeterUtils: C:\Users\USER\Desktop\apache-jmeter-5.5\bin\templates\trendyolJmeter.jmx (The system cannot find the file specified)
2023-01-09 17:43:09,735 INFO o.a.j.g.a.Load: Loading file: C:\Users\USER\Desktop\apache-jmeter-5.5\bin\templates\trendyolJmeter.jmx
2023-01-09 17:43:09,735 INFO o.a.j.s.FileServer: Set new base='C:\Users\USER\Desktop\apache-jmeter-5.5\bin\templates'
2023-01-09 17:43:09,735 INFO o.a.j.s.SaveService: Loading file: C:\Users\USER\Desktop\apache-jmeter-5.5\bin\templates\trendyolJmeter.jmx
2023-01-09 17:43:09,739 WARN o.j.r.p.TestPlanAnalyzer: Failed read jmx file
java.io.FileNotFoundException: C:\Users\USER\Desktop\apache-jmeter-5.5\bin\templates\trendyolJmeter.jmx (The system cannot find the file specified)
	at java.io.FileInputStream.open0(Native Method) ~[?:?]
	at java.io.FileInputStream.open(FileInputStream.java:216) ~[?:?]
	at java.io.FileInputStream.<init>(FileInputStream.java:157) ~[?:?]
	at org.jmeterplugins.repository.plugins.TestPlanAnalyzer.readBytesFromFile(TestPlanAnalyzer.java:64) ~[jmeter-plugins-manager-1.4.jar:?]
	at org.jmeterplugins.repository.plugins.TestPlanAnalyzer.getNodeListWithClassNames(TestPlanAnalyzer.java:103) ~[jmeter-plugins-manager-1.4.jar:?]
	at org.jmeterplugins.repository.plugins.TestPlanAnalyzer.analyze(TestPlanAnalyzer.java:33) ~[jmeter-plugins-manager-1.4.jar:?]
	at org.jmeterplugins.repository.plugins.PluginSuggester.analyzeTestPlan(PluginSuggester.java:51) ~[jmeter-plugins-manager-1.4.jar:?]
	at org.jmeterplugins.repository.plugins.PluginSuggester.findPluginsToInstall(PluginSuggester.java:44) ~[jmeter-plugins-manager-1.4.jar:?]
	at org.jmeterplugins.repository.plugins.PluginSuggester.checkAndSuggest(PluginSuggester.java:28) ~[jmeter-plugins-manager-1.4.jar:?]
	at org.jmeterplugins.repository.logging.LoggerAppender.append(LoggerAppender.java:33) ~[jmeter-plugins-manager-1.4.jar:?]
	at org.apache.logging.log4j.core.config.AppenderControl.tryCallAppender(AppenderControl.java:161) ~[log4j-core-2.17.2.jar:2.17.2]
	at org.apache.logging.log4j.core.config.AppenderControl.callAppender0(AppenderControl.java:134) ~[log4j-core-2.17.2.jar:2.17.2]
	at org.apache.logging.log4j.core.config.AppenderControl.callAppenderPreventRecursion(AppenderControl.java:125) ~[log4j-core-2.17.2.jar:2.17.2]
	at org.apache.logging.log4j.core.config.AppenderControl.callAppender(AppenderControl.java:89) ~[log4j-core-2.17.2.jar:2.17.2]
	at org.apache.logging.log4j.core.config.LoggerConfig.callAppenders(LoggerConfig.java:675) ~[log4j-core-2.17.2.jar:2.17.2]
	at org.apache.logging.log4j.core.config.LoggerConfig.processLogEvent(LoggerConfig.java:633) ~[log4j-core-2.17.2.jar:2.17.2]
	at org.apache.logging.log4j.core.config.LoggerConfig.log(LoggerConfig.java:616) ~[log4j-core-2.17.2.jar:2.17.2]
	at org.apache.logging.log4j.core.config.LoggerConfig.log(LoggerConfig.java:552) ~[log4j-core-2.17.2.jar:2.17.2]
	at org.apache.logging.log4j.core.config.AwaitCompletionReliabilityStrategy.log(AwaitCompletionReliabilityStrategy.java:82) ~[log4j-core-2.17.2.jar:2.17.2]
	at org.apache.logging.log4j.core.Logger.log(Logger.java:161) ~[log4j-core-2.17.2.jar:2.17.2]
	at org.apache.logging.log4j.spi.AbstractLogger.tryLogMessage(AbstractLogger.java:2205) ~[log4j-api-2.17.2.jar:2.17.2]
	at org.apache.logging.log4j.spi.AbstractLogger.logMessageTrackRecursion(AbstractLogger.java:2159) ~[log4j-api-2.17.2.jar:2.17.2]
	at org.apache.logging.log4j.spi.AbstractLogger.logMessageSafely(AbstractLogger.java:2142) ~[log4j-api-2.17.2.jar:2.17.2]
	at org.apache.logging.log4j.spi.AbstractLogger.logMessage(AbstractLogger.java:2034) ~[log4j-api-2.17.2.jar:2.17.2]
	at org.apache.logging.log4j.spi.AbstractLogger.logIfEnabled(AbstractLogger.java:1899) ~[log4j-api-2.17.2.jar:2.17.2]
	at org.apache.logging.slf4j.Log4jLogger.info(Log4jLogger.java:184) ~[log4j-slf4j-impl-2.17.2.jar:2.17.2]
	at org.apache.jmeter.save.SaveService.loadTree(SaveService.java:425) ~[ApacheJMeter_core.jar:5.5]
	at org.apache.jmeter.gui.action.Load.loadProjectFile(Load.java:129) ~[ApacheJMeter_core.jar:5.5]
	at org.apache.jmeter.gui.action.Load.loadProjectFile(Load.java:101) ~[ApacheJMeter_core.jar:5.5]
	at org.apache.jmeter.gui.action.LoadRecentProject.doActionAfterCheck(LoadRecentProject.java:71) ~[ApacheJMeter_core.jar:5.5]
	at org.apache.jmeter.gui.action.AbstractActionWithNoRunningTest.doAction(AbstractActionWithNoRunningTest.java:44) ~[ApacheJMeter_core.jar:5.5]
	at org.apache.jmeter.gui.action.ActionRouter.performAction(ActionRouter.java:87) ~[ApacheJMeter_core.jar:5.5]
	at org.apache.jmeter.gui.action.ActionRouter.lambda$actionPerformed$0(ActionRouter.java:69) ~[ApacheJMeter_core.jar:5.5]
	at java.awt.event.InvocationEvent.dispatch(InvocationEvent.java:318) ~[?:?]
	at java.awt.EventQueue.dispatchEventImpl(EventQueue.java:771) ~[?:?]
	at java.awt.EventQueue$4.run(EventQueue.java:722) ~[?:?]
	at java.awt.EventQueue$4.run(EventQueue.java:716) ~[?:?]
	at java.security.AccessController.doPrivileged(AccessController.java:399) ~[?:?]
	at java.security.ProtectionDomain$JavaSecurityAccessImpl.doIntersectionPrivilege(ProtectionDomain.java:86) ~[?:?]
	at java.awt.EventQueue.dispatchEvent(EventQueue.java:741) ~[?:?]
	at java.awt.EventDispatchThread.pumpOneEventForFilters(EventDispatchThread.java:203) ~[?:?]
	at java.awt.EventDispatchThread.pumpEventsForFilter(EventDispatchThread.java:124) ~[?:?]
	at java.awt.EventDispatchThread.pumpEventsForHierarchy(EventDispatchThread.java:113) ~[?:?]
	at java.awt.EventDispatchThread.pumpEvents(EventDispatchThread.java:109) ~[?:?]
	at java.awt.EventDispatchThread.pumpEvents(EventDispatchThread.java:101) ~[?:?]
	at java.awt.EventDispatchThread.run(EventDispatchThread.java:90) ~[?:?]
2023-01-09 17:43:09,741 WARN o.j.r.p.TestPlanAnalyzer: Cannot parse file: C:\Users\USER\Desktop\apache-jmeter-5.5\bin\templates\trendyolJmeter.jmx
org.xml.sax.SAXParseException: Premature end of file.
	at org.apache.xerces.parsers.DOMParser.parse(Unknown Source) ~[xercesImpl-2.12.2.jar:?]
	at org.apache.xerces.jaxp.DocumentBuilderImpl.parse(Unknown Source) ~[xercesImpl-2.12.2.jar:?]
	at javax.xml.parsers.DocumentBuilder.parse(DocumentBuilder.java:122) ~[?:?]
	at org.jmeterplugins.repository.plugins.TestPlanAnalyzer.getNodeListWithClassNames(TestPlanAnalyzer.java:104) ~[jmeter-plugins-manager-1.4.jar:?]
	at org.jmeterplugins.repository.plugins.TestPlanAnalyzer.analyze(TestPlanAnalyzer.java:33) ~[jmeter-plugins-manager-1.4.jar:?]
	at org.jmeterplugins.repository.plugins.PluginSuggester.analyzeTestPlan(PluginSuggester.java:51) ~[jmeter-plugins-manager-1.4.jar:?]
	at org.jmeterplugins.repository.plugins.PluginSuggester.findPluginsToInstall(PluginSuggester.java:44) ~[jmeter-plugins-manager-1.4.jar:?]
	at org.jmeterplugins.repository.plugins.PluginSuggester.checkAndSuggest(PluginSuggester.java:28) ~[jmeter-plugins-manager-1.4.jar:?]
	at org.jmeterplugins.repository.logging.LoggerAppender.append(LoggerAppender.java:33) ~[jmeter-plugins-manager-1.4.jar:?]
	at org.apache.logging.log4j.core.config.AppenderControl.tryCallAppender(AppenderControl.java:161) ~[log4j-core-2.17.2.jar:2.17.2]
	at org.apache.logging.log4j.core.config.AppenderControl.callAppender0(AppenderControl.java:134) ~[log4j-core-2.17.2.jar:2.17.2]
	at org.apache.logging.log4j.core.config.AppenderControl.callAppenderPreventRecursion(AppenderControl.java:125) ~[log4j-core-2.17.2.jar:2.17.2]
	at org.apache.logging.log4j.core.config.AppenderControl.callAppender(AppenderControl.java:89) ~[log4j-core-2.17.2.jar:2.17.2]
	at org.apache.logging.log4j.core.config.LoggerConfig.callAppenders(LoggerConfig.java:675) ~[log4j-core-2.17.2.jar:2.17.2]
	at org.apache.logging.log4j.core.config.LoggerConfig.processLogEvent(LoggerConfig.java:633) ~[log4j-core-2.17.2.jar:2.17.2]
	at org.apache.logging.log4j.core.config.LoggerConfig.log(LoggerConfig.java:616) ~[log4j-core-2.17.2.jar:2.17.2]
	at org.apache.logging.log4j.core.config.LoggerConfig.log(LoggerConfig.java:552) ~[log4j-core-2.17.2.jar:2.17.2]
	at org.apache.logging.log4j.core.config.AwaitCompletionReliabilityStrategy.log(AwaitCompletionReliabilityStrategy.java:82) ~[log4j-core-2.17.2.jar:2.17.2]
	at org.apache.logging.log4j.core.Logger.log(Logger.java:161) ~[log4j-core-2.17.2.jar:2.17.2]
	at org.apache.logging.log4j.spi.AbstractLogger.tryLogMessage(AbstractLogger.java:2205) ~[log4j-api-2.17.2.jar:2.17.2]
	at org.apache.logging.log4j.spi.AbstractLogger.logMessageTrackRecursion(AbstractLogger.java:2159) ~[log4j-api-2.17.2.jar:2.17.2]
	at org.apache.logging.log4j.spi.AbstractLogger.logMessageSafely(AbstractLogger.java:2142) ~[log4j-api-2.17.2.jar:2.17.2]
	at org.apache.logging.log4j.spi.AbstractLogger.logMessage(AbstractLogger.java:2034) ~[log4j-api-2.17.2.jar:2.17.2]
	at org.apache.logging.log4j.spi.AbstractLogger.logIfEnabled(AbstractLogger.java:1899) ~[log4j-api-2.17.2.jar:2.17.2]
	at org.apache.logging.slf4j.Log4jLogger.info(Log4jLogger.java:184) ~[log4j-slf4j-impl-2.17.2.jar:2.17.2]
	at org.apache.jmeter.save.SaveService.loadTree(SaveService.java:425) ~[ApacheJMeter_core.jar:5.5]
	at org.apache.jmeter.gui.action.Load.loadProjectFile(Load.java:129) ~[ApacheJMeter_core.jar:5.5]
	at org.apache.jmeter.gui.action.Load.loadProjectFile(Load.java:101) ~[ApacheJMeter_core.jar:5.5]
	at org.apache.jmeter.gui.action.LoadRecentProject.doActionAfterCheck(LoadRecentProject.java:71) ~[ApacheJMeter_core.jar:5.5]
	at org.apache.jmeter.gui.action.AbstractActionWithNoRunningTest.doAction(AbstractActionWithNoRunningTest.java:44) ~[ApacheJMeter_core.jar:5.5]
	at org.apache.jmeter.gui.action.ActionRouter.performAction(ActionRouter.java:87) ~[ApacheJMeter_core.jar:5.5]
	at org.apache.jmeter.gui.action.ActionRouter.lambda$actionPerformed$0(ActionRouter.java:69) ~[ApacheJMeter_core.jar:5.5]
	at java.awt.event.InvocationEvent.dispatch(InvocationEvent.java:318) ~[?:?]
	at java.awt.EventQueue.dispatchEventImpl(EventQueue.java:771) ~[?:?]
	at java.awt.EventQueue$4.run(EventQueue.java:722) ~[?:?]
	at java.awt.EventQueue$4.run(EventQueue.java:716) ~[?:?]
	at java.security.AccessController.doPrivileged(AccessController.java:399) ~[?:?]
	at java.security.ProtectionDomain$JavaSecurityAccessImpl.doIntersectionPrivilege(ProtectionDomain.java:86) ~[?:?]
	at java.awt.EventQueue.dispatchEvent(EventQueue.java:741) ~[?:?]
	at java.awt.EventDispatchThread.pumpOneEventForFilters(EventDispatchThread.java:203) ~[?:?]
	at java.awt.EventDispatchThread.pumpEventsForFilter(EventDispatchThread.java:124) ~[?:?]
	at java.awt.EventDispatchThread.pumpEventsForHierarchy(EventDispatchThread.java:113) ~[?:?]
	at java.awt.EventDispatchThread.pumpEvents(EventDispatchThread.java:109) ~[?:?]
	at java.awt.EventDispatchThread.pumpEvents(EventDispatchThread.java:101) ~[?:?]
	at java.awt.EventDispatchThread.run(EventDispatchThread.java:90) ~[?:?]
2023-01-09 17:43:09,744 WARN o.a.j.g.a.Load: Error reading file. java.io.FileNotFoundException: C:\Users\USER\Desktop\apache-jmeter-5.5\bin\templates\trendyolJmeter.jmx (The system cannot find the file specified)
2023-01-09 17:43:09,744 ERROR o.a.j.u.JMeterUtils: C:\Users\USER\Desktop\apache-jmeter-5.5\bin\templates\trendyolJmeter.jmx (The system cannot find the file specified)
2023-01-09 17:43:22,160 INFO o.a.j.g.a.Load: Loading file: C:\Users\USER\Desktop\apache-jmeter-5.5\bin\templates\Add.jmx
2023-01-09 17:43:22,161 INFO o.a.j.s.FileServer: Set new base='C:\Users\USER\Desktop\apache-jmeter-5.5\bin\templates'
2023-01-09 17:43:22,161 INFO o.a.j.s.SaveService: Loading file: C:\Users\USER\Desktop\apache-jmeter-5.5\bin\templates\Add.jmx
2023-01-09 17:43:22,365 INFO o.a.j.p.h.s.HTTPSamplerBase: Parser for text/html is org.apache.jmeter.protocol.http.parser.LagartoBasedHtmlParser
2023-01-09 17:43:22,365 INFO o.a.j.p.h.s.HTTPSamplerBase: Parser for application/xhtml+xml is org.apache.jmeter.protocol.http.parser.LagartoBasedHtmlParser
2023-01-09 17:43:22,365 INFO o.a.j.p.h.s.HTTPSamplerBase: Parser for application/xml is org.apache.jmeter.protocol.http.parser.LagartoBasedHtmlParser
2023-01-09 17:43:22,365 INFO o.a.j.p.h.s.HTTPSamplerBase: Parser for text/xml is org.apache.jmeter.protocol.http.parser.LagartoBasedHtmlParser
2023-01-09 17:43:22,366 INFO o.a.j.p.h.s.HTTPSamplerBase: Parser for text/vnd.wap.wml is org.apache.jmeter.protocol.http.parser.RegexpHTMLParser
2023-01-09 17:43:22,366 INFO o.a.j.p.h.s.HTTPSamplerBase: Parser for text/css is org.apache.jmeter.protocol.http.parser.CssParser
2023-01-09 17:43:22,727 INFO o.a.j.s.SampleResult: Note: Sample TimeStamps are START times
2023-01-09 17:43:22,727 INFO o.a.j.s.SampleResult: sampleresult.default.encoding is set to ISO-8859-1
2023-01-09 17:43:22,727 INFO o.a.j.s.SampleResult: sampleresult.useNanoTime=true
2023-01-09 17:43:22,728 INFO o.a.j.s.SampleResult: sampleresult.nanoThreadSleep=5000
2023-01-09 17:43:23,041 INFO o.a.j.v.ViewResultsFullVisualizer: Add JavaFX to your Java installation if you want to use renderer: org.apache.jmeter.visualizers.RenderInBrowser
2023-01-09 17:43:23,301 INFO o.a.j.v.ViewResultsFullVisualizer: Add JavaFX to your Java installation if you want to use renderer: org.apache.jmeter.visualizers.RenderInBrowser
2023-01-09 17:43:23,379 INFO o.a.j.s.FileServer: Set new base='C:\Users\USER\Desktop\apache-jmeter-5.5\bin\templates'
2023-01-09 17:43:30,212 INFO o.a.j.g.a.Load: Loading file: C:\Users\USER\Desktop\apache-jmeter-5.5\bin\templates\trendyolJmeter.jmx
2023-01-09 17:43:30,213 INFO o.a.j.s.FileServer: Set new base='C:\Users\USER\Desktop\apache-jmeter-5.5\bin\templates'
2023-01-09 17:43:30,213 INFO o.a.j.s.SaveService: Loading file: C:\Users\USER\Desktop\apache-jmeter-5.5\bin\templates\trendyolJmeter.jmx
2023-01-09 17:43:30,215 WARN o.j.r.p.TestPlanAnalyzer: Failed read jmx file
java.io.FileNotFoundException: C:\Users\USER\Desktop\apache-jmeter-5.5\bin\templates\trendyolJmeter.jmx (The system cannot find the file specified)
	at java.io.FileInputStream.open0(Native Method) ~[?:?]
	at java.io.FileInputStream.open(FileInputStream.java:216) ~[?:?]
	at java.io.FileInputStream.<init>(FileInputStream.java:157) ~[?:?]
	at org.jmeterplugins.repository.plugins.TestPlanAnalyzer.readBytesFromFile(TestPlanAnalyzer.java:64) ~[jmeter-plugins-manager-1.4.jar:?]
	at org.jmeterplugins.repository.plugins.TestPlanAnalyzer.getNodeListWithClassNames(TestPlanAnalyzer.java:103) ~[jmeter-plugins-manager-1.4.jar:?]
	at org.jmeterplugins.repository.plugins.TestPlanAnalyzer.analyze(TestPlanAnalyzer.java:33) ~[jmeter-plugins-manager-1.4.jar:?]
	at org.jmeterplugins.repository.plugins.PluginSuggester.analyzeTestPlan(PluginSuggester.java:51) ~[jmeter-plugins-manager-1.4.jar:?]
	at org.jmeterplugins.repository.plugins.PluginSuggester.findPluginsToInstall(PluginSuggester.java:44) ~[jmeter-plugins-manager-1.4.jar:?]
	at org.jmeterplugins.repository.plugins.PluginSuggester.checkAndSuggest(PluginSuggester.java:28) ~[jmeter-plugins-manager-1.4.jar:?]
	at org.jmeterplugins.repository.logging.LoggerAppender.append(LoggerAppender.java:33) ~[jmeter-plugins-manager-1.4.jar:?]
	at org.apache.logging.log4j.core.config.AppenderControl.tryCallAppender(AppenderControl.java:161) ~[log4j-core-2.17.2.jar:2.17.2]
	at org.apache.logging.log4j.core.config.AppenderControl.callAppender0(AppenderControl.java:134) ~[log4j-core-2.17.2.jar:2.17.2]
	at org.apache.logging.log4j.core.config.AppenderControl.callAppenderPreventRecursion(AppenderControl.java:125) ~[log4j-core-2.17.2.jar:2.17.2]
	at org.apache.logging.log4j.core.config.AppenderControl.callAppender(AppenderControl.java:89) ~[log4j-core-2.17.2.jar:2.17.2]
	at org.apache.logging.log4j.core.config.LoggerConfig.callAppenders(LoggerConfig.java:675) ~[log4j-core-2.17.2.jar:2.17.2]
	at org.apache.logging.log4j.core.config.LoggerConfig.processLogEvent(LoggerConfig.java:633) ~[log4j-core-2.17.2.jar:2.17.2]
	at org.apache.logging.log4j.core.config.LoggerConfig.log(LoggerConfig.java:616) ~[log4j-core-2.17.2.jar:2.17.2]
	at org.apache.logging.log4j.core.config.LoggerConfig.log(LoggerConfig.java:552) ~[log4j-core-2.17.2.jar:2.17.2]
	at org.apache.logging.log4j.core.config.AwaitCompletionReliabilityStrategy.log(AwaitCompletionReliabilityStrategy.java:82) ~[log4j-core-2.17.2.jar:2.17.2]
	at org.apache.logging.log4j.core.Logger.log(Logger.java:161) ~[log4j-core-2.17.2.jar:2.17.2]
	at org.apache.logging.log4j.spi.AbstractLogger.tryLogMessage(AbstractLogger.java:2205) ~[log4j-api-2.17.2.jar:2.17.2]
	at org.apache.logging.log4j.spi.AbstractLogger.logMessageTrackRecursion(AbstractLogger.java:2159) ~[log4j-api-2.17.2.jar:2.17.2]
	at org.apache.logging.log4j.spi.AbstractLogger.logMessageSafely(AbstractLogger.java:2142) ~[log4j-api-2.17.2.jar:2.17.2]
	at org.apache.logging.log4j.spi.AbstractLogger.logMessage(AbstractLogger.java:2034) ~[log4j-api-2.17.2.jar:2.17.2]
	at org.apache.logging.log4j.spi.AbstractLogger.logIfEnabled(AbstractLogger.java:1899) ~[log4j-api-2.17.2.jar:2.17.2]
	at org.apache.logging.slf4j.Log4jLogger.info(Log4jLogger.java:184) ~[log4j-slf4j-impl-2.17.2.jar:2.17.2]
	at org.apache.jmeter.save.SaveService.loadTree(SaveService.java:425) ~[ApacheJMeter_core.jar:5.5]
	at org.apache.jmeter.gui.action.Load.loadProjectFile(Load.java:129) ~[ApacheJMeter_core.jar:5.5]
	at org.apache.jmeter.gui.action.Load.loadProjectFile(Load.java:101) ~[ApacheJMeter_core.jar:5.5]
	at org.apache.jmeter.gui.action.LoadRecentProject.doActionAfterCheck(LoadRecentProject.java:71) ~[ApacheJMeter_core.jar:5.5]
	at org.apache.jmeter.gui.action.AbstractActionWithNoRunningTest.doAction(AbstractActionWithNoRunningTest.java:44) ~[ApacheJMeter_core.jar:5.5]
	at org.apache.jmeter.gui.action.ActionRouter.performAction(ActionRouter.java:87) ~[ApacheJMeter_core.jar:5.5]
	at org.apache.jmeter.gui.action.ActionRouter.lambda$actionPerformed$0(ActionRouter.java:69) ~[ApacheJMeter_core.jar:5.5]
	at java.awt.event.InvocationEvent.dispatch(InvocationEvent.java:318) ~[?:?]
	at java.awt.EventQueue.dispatchEventImpl(EventQueue.java:771) ~[?:?]
	at java.awt.EventQueue$4.run(EventQueue.java:722) ~[?:?]
	at java.awt.EventQueue$4.run(EventQueue.java:716) ~[?:?]
	at java.security.AccessController.doPrivileged(AccessController.java:399) ~[?:?]
	at java.security.ProtectionDomain$JavaSecurityAccessImpl.doIntersectionPrivilege(ProtectionDomain.java:86) ~[?:?]
	at java.awt.EventQueue.dispatchEvent(EventQueue.java:741) ~[?:?]
	at java.awt.EventDispatchThread.pumpOneEventForFilters(EventDispatchThread.java:203) ~[?:?]
	at java.awt.EventDispatchThread.pumpEventsForFilter(EventDispatchThread.java:124) ~[?:?]
	at java.awt.EventDispatchThread.pumpEventsForHierarchy(EventDispatchThread.java:113) ~[?:?]
	at java.awt.EventDispatchThread.pumpEvents(EventDispatchThread.java:109) ~[?:?]
	at java.awt.EventDispatchThread.pumpEvents(EventDispatchThread.java:101) ~[?:?]
	at java.awt.EventDispatchThread.run(EventDispatchThread.java:90) ~[?:?]
2023-01-09 17:43:30,218 WARN o.j.r.p.TestPlanAnalyzer: Cannot parse file: C:\Users\USER\Desktop\apache-jmeter-5.5\bin\templates\trendyolJmeter.jmx
org.xml.sax.SAXParseException: Premature end of file.
	at org.apache.xerces.parsers.DOMParser.parse(Unknown Source) ~[xercesImpl-2.12.2.jar:?]
	at org.apache.xerces.jaxp.DocumentBuilderImpl.parse(Unknown Source) ~[xercesImpl-2.12.2.jar:?]
	at javax.xml.parsers.DocumentBuilder.parse(DocumentBuilder.java:122) ~[?:?]
	at org.jmeterplugins.repository.plugins.TestPlanAnalyzer.getNodeListWithClassNames(TestPlanAnalyzer.java:104) ~[jmeter-plugins-manager-1.4.jar:?]
	at org.jmeterplugins.repository.plugins.TestPlanAnalyzer.analyze(TestPlanAnalyzer.java:33) ~[jmeter-plugins-manager-1.4.jar:?]
	at org.jmeterplugins.repository.plugins.PluginSuggester.analyzeTestPlan(PluginSuggester.java:51) ~[jmeter-plugins-manager-1.4.jar:?]
	at org.jmeterplugins.repository.plugins.PluginSuggester.findPluginsToInstall(PluginSuggester.java:44) ~[jmeter-plugins-manager-1.4.jar:?]
	at org.jmeterplugins.repository.plugins.PluginSuggester.checkAndSuggest(PluginSuggester.java:28) ~[jmeter-plugins-manager-1.4.jar:?]
	at org.jmeterplugins.repository.logging.LoggerAppender.append(LoggerAppender.java:33) ~[jmeter-plugins-manager-1.4.jar:?]
	at org.apache.logging.log4j.core.config.AppenderControl.tryCallAppender(AppenderControl.java:161) ~[log4j-core-2.17.2.jar:2.17.2]
	at org.apache.logging.log4j.core.config.AppenderControl.callAppender0(AppenderControl.java:134) ~[log4j-core-2.17.2.jar:2.17.2]
	at org.apache.logging.log4j.core.config.AppenderControl.callAppenderPreventRecursion(AppenderControl.java:125) ~[log4j-core-2.17.2.jar:2.17.2]
	at org.apache.logging.log4j.core.config.AppenderControl.callAppender(AppenderControl.java:89) ~[log4j-core-2.17.2.jar:2.17.2]
	at org.apache.logging.log4j.core.config.LoggerConfig.callAppenders(LoggerConfig.java:675) ~[log4j-core-2.17.2.jar:2.17.2]
	at org.apache.logging.log4j.core.config.LoggerConfig.processLogEvent(LoggerConfig.java:633) ~[log4j-core-2.17.2.jar:2.17.2]
	at org.apache.logging.log4j.core.config.LoggerConfig.log(LoggerConfig.java:616) ~[log4j-core-2.17.2.jar:2.17.2]
	at org.apache.logging.log4j.core.config.LoggerConfig.log(LoggerConfig.java:552) ~[log4j-core-2.17.2.jar:2.17.2]
	at org.apache.logging.log4j.core.config.AwaitCompletionReliabilityStrategy.log(AwaitCompletionReliabilityStrategy.java:82) ~[log4j-core-2.17.2.jar:2.17.2]
	at org.apache.logging.log4j.core.Logger.log(Logger.java:161) ~[log4j-core-2.17.2.jar:2.17.2]
	at org.apache.logging.log4j.spi.AbstractLogger.tryLogMessage(AbstractLogger.java:2205) ~[log4j-api-2.17.2.jar:2.17.2]
	at org.apache.logging.log4j.spi.AbstractLogger.logMessageTrackRecursion(AbstractLogger.java:2159) ~[log4j-api-2.17.2.jar:2.17.2]
	at org.apache.logging.log4j.spi.AbstractLogger.logMessageSafely(AbstractLogger.java:2142) ~[log4j-api-2.17.2.jar:2.17.2]
	at org.apache.logging.log4j.spi.AbstractLogger.logMessage(AbstractLogger.java:2034) ~[log4j-api-2.17.2.jar:2.17.2]
	at org.apache.logging.log4j.spi.AbstractLogger.logIfEnabled(AbstractLogger.java:1899) ~[log4j-api-2.17.2.jar:2.17.2]
	at org.apache.logging.slf4j.Log4jLogger.info(Log4jLogger.java:184) ~[log4j-slf4j-impl-2.17.2.jar:2.17.2]
	at org.apache.jmeter.save.SaveService.loadTree(SaveService.java:425) ~[ApacheJMeter_core.jar:5.5]
	at org.apache.jmeter.gui.action.Load.loadProjectFile(Load.java:129) ~[ApacheJMeter_core.jar:5.5]
	at org.apache.jmeter.gui.action.Load.loadProjectFile(Load.java:101) ~[ApacheJMeter_core.jar:5.5]
	at org.apache.jmeter.gui.action.LoadRecentProject.doActionAfterCheck(LoadRecentProject.java:71) ~[ApacheJMeter_core.jar:5.5]
	at org.apache.jmeter.gui.action.AbstractActionWithNoRunningTest.doAction(AbstractActionWithNoRunningTest.java:44) ~[ApacheJMeter_core.jar:5.5]
	at org.apache.jmeter.gui.action.ActionRouter.performAction(ActionRouter.java:87) ~[ApacheJMeter_core.jar:5.5]
	at org.apache.jmeter.gui.action.ActionRouter.lambda$actionPerformed$0(ActionRouter.java:69) ~[ApacheJMeter_core.jar:5.5]
	at java.awt.event.InvocationEvent.dispatch(InvocationEvent.java:318) ~[?:?]
	at java.awt.EventQueue.dispatchEventImpl(EventQueue.java:771) ~[?:?]
	at java.awt.EventQueue$4.run(EventQueue.java:722) ~[?:?]
	at java.awt.EventQueue$4.run(EventQueue.java:716) ~[?:?]
	at java.security.AccessController.doPrivileged(AccessController.java:399) ~[?:?]
	at java.security.ProtectionDomain$JavaSecurityAccessImpl.doIntersectionPrivilege(ProtectionDomain.java:86) ~[?:?]
	at java.awt.EventQueue.dispatchEvent(EventQueue.java:741) ~[?:?]
	at java.awt.EventDispatchThread.pumpOneEventForFilters(EventDispatchThread.java:203) ~[?:?]
	at java.awt.EventDispatchThread.pumpEventsForFilter(EventDispatchThread.java:124) ~[?:?]
	at java.awt.EventDispatchThread.pumpEventsForHierarchy(EventDispatchThread.java:113) ~[?:?]
	at java.awt.EventDispatchThread.pumpEvents(EventDispatchThread.java:109) ~[?:?]
	at java.awt.EventDispatchThread.pumpEvents(EventDispatchThread.java:101) ~[?:?]
	at java.awt.EventDispatchThread.run(EventDispatchThread.java:90) ~[?:?]
2023-01-09 17:43:30,219 WARN o.a.j.g.a.Load: Error reading file. java.io.FileNotFoundException: C:\Users\USER\Desktop\apache-jmeter-5.5\bin\templates\trendyolJmeter.jmx (The system cannot find the file specified)
2023-01-09 17:43:30,219 ERROR o.a.j.u.JMeterUtils: C:\Users\USER\Desktop\apache-jmeter-5.5\bin\templates\trendyolJmeter.jmx (The system cannot find the file specified)
2023-01-09 17:43:44,849 INFO o.a.j.g.a.Load: Loading file: C:\Users\USER\Desktop\apache-jmeter-5.5\View Results Tree.jmx
2023-01-09 17:43:44,849 INFO o.a.j.s.FileServer: Set new base='C:\Users\USER\Desktop\apache-jmeter-5.5'
2023-01-09 17:43:44,850 INFO o.a.j.s.SaveService: Loading file: C:\Users\USER\Desktop\apache-jmeter-5.5\View Results Tree.jmx
2023-01-09 17:43:45,028 INFO o.a.j.v.ViewResultsFullVisualizer: Add JavaFX to your Java installation if you want to use renderer: org.apache.jmeter.visualizers.RenderInBrowser
2023-01-09 17:43:45,165 INFO o.a.j.s.FileServer: Set new base='C:\Users\USER\Desktop\apache-jmeter-5.5'
2023-01-09 17:43:52,532 INFO o.a.j.g.a.Load: Loading file: C:\Users\USER\Desktop\apache-jmeter-5.5\bin\trendyolMainPage.jmx
2023-01-09 17:43:52,532 INFO o.a.j.s.FileServer: Set new base='C:\Users\USER\Desktop\apache-jmeter-5.5\bin'
2023-01-09 17:43:52,532 INFO o.a.j.s.SaveService: Loading file: C:\Users\USER\Desktop\apache-jmeter-5.5\bin\trendyolMainPage.jmx
2023-01-09 17:43:52,874 INFO o.a.j.e.KeyToolUtils: keytool found at 'keytool'
2023-01-09 17:43:52,875 INFO o.a.j.p.h.p.ProxyControl: HTTP(S) Test Script Recorder SSL Proxy will use keys that support embedded 3rd party resources in file C:\Users\USER\Desktop\apache-jmeter-5.5\bin\proxyserver.jks
2023-01-09 17:43:52,922 INFO o.a.j.v.ViewResultsFullVisualizer: Add JavaFX to your Java installation if you want to use renderer: org.apache.jmeter.visualizers.RenderInBrowser
2023-01-09 17:43:53,028 INFO o.a.j.v.ViewResultsFullVisualizer: Add JavaFX to your Java installation if you want to use renderer: org.apache.jmeter.visualizers.RenderInBrowser
2023-01-09 17:43:53,101 INFO o.a.j.v.ViewResultsFullVisualizer: Add JavaFX to your Java installation if you want to use renderer: org.apache.jmeter.visualizers.RenderInBrowser
2023-01-09 17:43:53,331 INFO o.a.j.s.FileServer: Set new base='C:\Users\USER\Desktop\apache-jmeter-5.5\bin'
