2023-01-07 22:38:50,224 INFO o.a.j.u.JMeterUtils: Setting Locale to en_US
2023-01-07 22:38:50,289 INFO o.a.j.JMeter: Loading user properties from: user.properties
2023-01-07 22:38:50,292 INFO o.a.j.JMeter: Loading system properties from: system.properties
2023-01-07 22:38:50,312 INFO o.a.j.JMeter: Copyright (c) 1998-2022 The Apache Software Foundation
2023-01-07 22:38:50,312 INFO o.a.j.JMeter: Version 5.5
2023-01-07 22:38:50,312 INFO o.a.j.JMeter: java.version=17.0.1
2023-01-07 22:38:50,312 INFO o.a.j.JMeter: java.vm.name=Java HotSpot(TM) 64-Bit Server VM
2023-01-07 22:38:50,313 INFO o.a.j.JMeter: os.name=Windows 10
2023-01-07 22:38:50,313 INFO o.a.j.JMeter: os.arch=amd64
2023-01-07 22:38:50,313 INFO o.a.j.JMeter: os.version=10.0
2023-01-07 22:38:50,313 INFO o.a.j.JMeter: file.encoding=Cp1252
2023-01-07 22:38:50,313 INFO o.a.j.JMeter: java.awt.headless=null
2023-01-07 22:38:50,313 INFO o.a.j.JMeter: Max memory     =2116026368
2023-01-07 22:38:50,313 INFO o.a.j.JMeter: Available Processors =4
2023-01-07 22:38:50,328 INFO o.a.j.JMeter: Default Locale=English (United States)
2023-01-07 22:38:50,328 INFO o.a.j.JMeter: JMeter  Locale=English (United States)
2023-01-07 22:38:50,328 INFO o.a.j.JMeter: JMeterHome=C:\Users\USER\Desktop\apache-jmeter-5.5
2023-01-07 22:38:50,329 INFO o.a.j.JMeter: user.dir  =C:\Users\USER\Desktop\apache-jmeter-5.5\bin
2023-01-07 22:38:50,329 INFO o.a.j.JMeter: PWD       =C:\Users\USER\Desktop\apache-jmeter-5.5\bin
2023-01-07 22:38:50,444 INFO o.a.j.JMeter: IP: 192.168.1.76 Name: DESKTOP-AN9RSKU FullName: 192.168.1.76
2023-01-07 22:38:50,495 INFO o.a.j.JMeter: Loaded icon properties from org/apache/jmeter/images/icon.properties
2023-01-07 22:38:51,117 INFO o.a.j.JMeterGuiLauncher: Setting LAF to: laf:javax.swing.plaf.metal.MetalLookAndFeel
2023-01-07 22:39:26,443 INFO o.a.j.s.FileServer: Default base='C:\Users\USER\Desktop\apache-jmeter-5.5\bin'
2023-01-07 22:39:26,447 INFO o.a.j.g.a.Load: Loading file: C:\Users\USER\Desktop\apache-jmeter-5.5\bin\librarydreams1.jmx
2023-01-07 22:39:26,448 INFO o.a.j.s.FileServer: Set new base='C:\Users\USER\Desktop\apache-jmeter-5.5\bin'
2023-01-07 22:39:26,734 INFO o.a.j.s.SaveService: Testplan (JMX) version: 2.2. Testlog (JTL) version: 2.2
2023-01-07 22:39:26,783 INFO o.a.j.s.SaveService: Using SaveService properties version 5.0
2023-01-07 22:39:26,785 INFO o.a.j.s.SaveService: Using SaveService properties file encoding UTF-8
2023-01-07 22:39:26,788 INFO o.a.j.s.SaveService: Loading file: C:\Users\USER\Desktop\apache-jmeter-5.5\bin\librarydreams1.jmx
2023-01-07 22:39:26,824 INFO o.a.j.p.h.s.HTTPSamplerBase: Parser for text/html is org.apache.jmeter.protocol.http.parser.LagartoBasedHtmlParser
2023-01-07 22:39:26,824 INFO o.a.j.p.h.s.HTTPSamplerBase: Parser for application/xhtml+xml is org.apache.jmeter.protocol.http.parser.LagartoBasedHtmlParser
2023-01-07 22:39:26,824 INFO o.a.j.p.h.s.HTTPSamplerBase: Parser for application/xml is org.apache.jmeter.protocol.http.parser.LagartoBasedHtmlParser
2023-01-07 22:39:26,824 INFO o.a.j.p.h.s.HTTPSamplerBase: Parser for text/xml is org.apache.jmeter.protocol.http.parser.LagartoBasedHtmlParser
2023-01-07 22:39:26,824 INFO o.a.j.p.h.s.HTTPSamplerBase: Parser for text/vnd.wap.wml is org.apache.jmeter.protocol.http.parser.RegexpHTMLParser
2023-01-07 22:39:26,824 INFO o.a.j.p.h.s.HTTPSamplerBase: Parser for text/css is org.apache.jmeter.protocol.http.parser.CssParser
2023-01-07 22:39:27,236 INFO o.a.j.e.KeyToolUtils: keytool found at 'keytool'
2023-01-07 22:39:27,237 INFO o.a.j.p.h.p.ProxyControl: HTTP(S) Test Script Recorder SSL Proxy will use keys that support embedded 3rd party resources in file C:\Users\USER\Desktop\apache-jmeter-5.5\bin\proxyserver.jks
2023-01-07 22:39:27,425 INFO o.a.j.s.SampleResult: Note: Sample TimeStamps are START times
2023-01-07 22:39:27,425 INFO o.a.j.s.SampleResult: sampleresult.default.encoding is set to ISO-8859-1
2023-01-07 22:39:27,425 INFO o.a.j.s.SampleResult: sampleresult.useNanoTime=true
2023-01-07 22:39:27,426 INFO o.a.j.s.SampleResult: sampleresult.nanoThreadSleep=5000
2023-01-07 22:39:27,714 INFO o.a.j.v.ViewResultsFullVisualizer: Add JavaFX to your Java installation if you want to use renderer: org.apache.jmeter.visualizers.RenderInBrowser
2023-01-07 22:39:27,830 INFO o.a.j.v.ViewResultsFullVisualizer: Add JavaFX to your Java installation if you want to use renderer: org.apache.jmeter.visualizers.RenderInBrowser
2023-01-07 22:39:27,926 INFO o.a.j.v.ViewResultsFullVisualizer: Add JavaFX to your Java installation if you want to use renderer: org.apache.jmeter.visualizers.RenderInBrowser
2023-01-07 22:39:28,124 INFO o.a.j.v.ViewResultsFullVisualizer: Add JavaFX to your Java installation if you want to use renderer: org.apache.jmeter.visualizers.RenderInBrowser
2023-01-07 22:39:28,280 INFO o.a.j.v.ViewResultsFullVisualizer: Add JavaFX to your Java installation if you want to use renderer: org.apache.jmeter.visualizers.RenderInBrowser
2023-01-07 22:39:28,372 INFO o.a.j.v.ViewResultsFullVisualizer: Add JavaFX to your Java installation if you want to use renderer: org.apache.jmeter.visualizers.RenderInBrowser
2023-01-07 22:39:28,616 INFO o.a.j.s.FileServer: Set new base='C:\Users\USER\Desktop\apache-jmeter-5.5\bin'
2023-01-07 22:39:46,179 INFO o.a.j.g.a.Load: Loading file: C:\Users\USER\Desktop\apache-jmeter-5.5\bin\Test Plan.jmx
2023-01-07 22:39:46,179 INFO o.a.j.s.FileServer: Set new base='C:\Users\USER\Desktop\apache-jmeter-5.5\bin'
2023-01-07 22:39:46,179 INFO o.a.j.s.SaveService: Loading file: C:\Users\USER\Desktop\apache-jmeter-5.5\bin\Test Plan.jmx
2023-01-07 22:39:46,667 INFO o.a.j.s.FileServer: Set new base='C:\Users\USER\Desktop\apache-jmeter-5.5\bin'
2023-01-07 22:39:54,117 INFO o.a.j.g.a.Load: Loading file: C:\Users\USER\Desktop\apache-jmeter-5.5\bin\mainPage.jmx
2023-01-07 22:39:54,118 INFO o.a.j.s.FileServer: Set new base='C:\Users\USER\Desktop\apache-jmeter-5.5\bin'
2023-01-07 22:39:54,118 INFO o.a.j.s.SaveService: Loading file: C:\Users\USER\Desktop\apache-jmeter-5.5\bin\mainPage.jmx
2023-01-07 22:39:54,179 INFO o.a.j.v.ViewResultsFullVisualizer: Add JavaFX to your Java installation if you want to use renderer: org.apache.jmeter.visualizers.RenderInBrowser
2023-01-07 22:39:54,329 INFO o.a.j.v.ViewResultsFullVisualizer: Add JavaFX to your Java installation if you want to use renderer: org.apache.jmeter.visualizers.RenderInBrowser
2023-01-07 22:39:54,387 INFO o.a.j.s.FileServer: Set new base='C:\Users\USER\Desktop\apache-jmeter-5.5\bin'
2023-01-07 22:40:00,564 INFO o.a.j.g.a.Load: Loading file: C:\Users\USER\Desktop\apache-jmeter-5.5\bin\mainPage.jmx
2023-01-07 22:40:00,565 INFO o.a.j.s.FileServer: Set new base='C:\Users\USER\Desktop\apache-jmeter-5.5\bin'
2023-01-07 22:40:00,565 INFO o.a.j.s.SaveService: Loading file: C:\Users\USER\Desktop\apache-jmeter-5.5\bin\mainPage.jmx
2023-01-07 22:40:00,607 INFO o.a.j.v.ViewResultsFullVisualizer: Add JavaFX to your Java installation if you want to use renderer: org.apache.jmeter.visualizers.RenderInBrowser
2023-01-07 22:40:00,741 INFO o.a.j.v.ViewResultsFullVisualizer: Add JavaFX to your Java installation if you want to use renderer: org.apache.jmeter.visualizers.RenderInBrowser
2023-01-07 22:40:00,800 INFO o.a.j.s.FileServer: Set new base='C:\Users\USER\Desktop\apache-jmeter-5.5\bin'
2023-01-07 22:40:04,952 INFO o.a.j.g.a.Load: Loading file: C:\Users\USER\Desktop\apache-jmeter-5.5\bin\librarydreams1.jmx
2023-01-07 22:40:04,952 INFO o.a.j.s.FileServer: Set new base='C:\Users\USER\Desktop\apache-jmeter-5.5\bin'
2023-01-07 22:40:04,953 INFO o.a.j.s.SaveService: Loading file: C:\Users\USER\Desktop\apache-jmeter-5.5\bin\librarydreams1.jmx
2023-01-07 22:40:04,992 INFO o.a.j.v.ViewResultsFullVisualizer: Add JavaFX to your Java installation if you want to use renderer: org.apache.jmeter.visualizers.RenderInBrowser
2023-01-07 22:40:05,058 INFO o.a.j.v.ViewResultsFullVisualizer: Add JavaFX to your Java installation if you want to use renderer: org.apache.jmeter.visualizers.RenderInBrowser
2023-01-07 22:40:05,150 INFO o.a.j.v.ViewResultsFullVisualizer: Add JavaFX to your Java installation if you want to use renderer: org.apache.jmeter.visualizers.RenderInBrowser
2023-01-07 22:40:05,263 INFO o.a.j.v.ViewResultsFullVisualizer: Add JavaFX to your Java installation if you want to use renderer: org.apache.jmeter.visualizers.RenderInBrowser
2023-01-07 22:40:05,383 INFO o.a.j.v.ViewResultsFullVisualizer: Add JavaFX to your Java installation if you want to use renderer: org.apache.jmeter.visualizers.RenderInBrowser
2023-01-07 22:40:05,465 INFO o.a.j.v.ViewResultsFullVisualizer: Add JavaFX to your Java installation if you want to use renderer: org.apache.jmeter.visualizers.RenderInBrowser
2023-01-07 22:40:05,612 INFO o.a.j.s.FileServer: Set new base='C:\Users\USER\Desktop\apache-jmeter-5.5\bin'
2023-01-07 22:44:55,063 INFO o.a.j.e.StandardJMeterEngine: Running the test!
2023-01-07 22:44:55,065 INFO o.a.j.s.SampleEvent: List of sample_variables: []
2023-01-07 22:44:55,066 INFO o.a.j.s.SampleEvent: List of sample_variables: []
2023-01-07 22:44:55,068 INFO o.a.j.e.u.CompoundVariable: Note: Function class names must contain the string: '.functions.'
2023-01-07 22:44:55,069 INFO o.a.j.e.u.CompoundVariable: Note: Function class names must not contain the string: '.gui.'
2023-01-07 22:44:55,157 INFO o.a.j.g.u.JMeterMenuBar: setRunning(true, *local*)
2023-01-07 22:44:55,252 INFO o.a.j.e.StandardJMeterEngine: Starting ThreadGroup: 1 : Thread Group
2023-01-07 22:44:55,253 INFO o.a.j.e.StandardJMeterEngine: Starting 2 threads for group Thread Group.
2023-01-07 22:44:55,253 INFO o.a.j.e.StandardJMeterEngine: Thread will continue on error
2023-01-07 22:44:55,254 INFO o.a.j.t.ThreadGroup: Starting thread group... number=1 threads=2 ramp-up=1 delayedStart=false
2023-01-07 22:44:55,260 INFO o.a.j.t.ThreadGroup: Started thread group number 1
2023-01-07 22:44:55,260 INFO o.a.j.e.StandardJMeterEngine: All thread groups have been started
2023-01-07 22:44:55,263 INFO o.a.j.t.JMeterThread: Thread started: Thread Group 1-1
2023-01-07 22:44:55,290 INFO o.a.j.p.h.s.HTTPHCAbstractImpl: Local host = DESKTOP-AN9RSKU
2023-01-07 22:44:55,308 INFO o.a.j.p.h.s.HTTPHC4Impl: HTTP request retry count = 0
2023-01-07 22:44:55,621 INFO o.a.j.p.h.s.h.LazyLayeredConnectionSocketFactory: Setting up HTTPS TrustAll Socket Factory
2023-01-07 22:44:55,629 INFO o.a.j.u.JsseSSLManager: Using default SSL protocol: TLS
2023-01-07 22:44:55,629 INFO o.a.j.u.JsseSSLManager: SSL session context: per-thread
2023-01-07 22:44:55,765 INFO o.a.j.t.JMeterThread: Thread started: Thread Group 1-2
2023-01-07 22:44:56,043 INFO o.a.j.u.SSLManager: JmeterKeyStore Location:  type JKS
2023-01-07 22:44:56,050 INFO o.a.j.u.SSLManager: KeyStore created OK
2023-01-07 22:44:56,051 WARN o.a.j.u.SSLManager: Keystore file not found, loading empty keystore
2023-01-07 22:44:58,968 INFO o.a.j.t.JMeterThread: Thread is done: Thread Group 1-2
2023-01-07 22:44:58,968 INFO o.a.j.t.JMeterThread: Thread finished: Thread Group 1-2
2023-01-07 22:44:58,982 INFO o.a.j.t.JMeterThread: Thread is done: Thread Group 1-1
2023-01-07 22:44:58,982 INFO o.a.j.t.JMeterThread: Thread finished: Thread Group 1-1
2023-01-07 22:44:58,984 INFO o.a.j.e.StandardJMeterEngine: Notifying test listeners of end of test
2023-01-07 22:44:58,985 INFO o.a.j.g.u.JMeterMenuBar: setRunning(false, *local*)
2023-01-07 22:45:56,110 INFO o.a.j.e.StandardJMeterEngine: Running the test!
2023-01-07 22:45:56,111 INFO o.a.j.s.SampleEvent: List of sample_variables: []
2023-01-07 22:45:56,114 INFO o.a.j.g.u.JMeterMenuBar: setRunning(true, *local*)
2023-01-07 22:45:56,133 INFO o.a.j.e.StandardJMeterEngine: Starting ThreadGroup: 1 : Thread Group
2023-01-07 22:45:56,134 INFO o.a.j.e.StandardJMeterEngine: Starting 2 threads for group Thread Group.
2023-01-07 22:45:56,134 INFO o.a.j.e.StandardJMeterEngine: Thread will continue on error
2023-01-07 22:45:56,134 INFO o.a.j.t.ThreadGroup: Starting thread group... number=1 threads=2 ramp-up=1 delayedStart=false
2023-01-07 22:45:56,138 INFO o.a.j.t.ThreadGroup: Started thread group number 1
2023-01-07 22:45:56,138 INFO o.a.j.e.StandardJMeterEngine: All thread groups have been started
2023-01-07 22:45:56,147 INFO o.a.j.t.JMeterThread: Thread started: Thread Group 1-1
2023-01-07 22:45:56,644 INFO o.a.j.t.JMeterThread: Thread started: Thread Group 1-2
2023-01-07 22:45:58,914 INFO o.a.j.t.JMeterThread: Thread is done: Thread Group 1-2
2023-01-07 22:45:58,915 INFO o.a.j.t.JMeterThread: Thread finished: Thread Group 1-2
2023-01-07 22:45:59,725 INFO o.a.j.t.JMeterThread: Thread is done: Thread Group 1-1
2023-01-07 22:45:59,726 INFO o.a.j.t.JMeterThread: Thread finished: Thread Group 1-1
2023-01-07 22:45:59,728 INFO o.a.j.e.StandardJMeterEngine: Notifying test listeners of end of test
2023-01-07 22:45:59,729 INFO o.a.j.g.u.JMeterMenuBar: setRunning(false, *local*)
2023-01-07 23:11:24,901 INFO o.a.j.e.StandardJMeterEngine: Running the test!
2023-01-07 23:11:24,902 INFO o.a.j.s.SampleEvent: List of sample_variables: []
2023-01-07 23:11:24,906 INFO o.a.j.g.u.JMeterMenuBar: setRunning(true, *local*)
2023-01-07 23:11:24,928 INFO o.a.j.e.StandardJMeterEngine: Starting ThreadGroup: 1 : Thread Group
2023-01-07 23:11:24,929 INFO o.a.j.e.StandardJMeterEngine: Starting 2 threads for group Thread Group.
2023-01-07 23:11:24,929 INFO o.a.j.e.StandardJMeterEngine: Thread will continue on error
2023-01-07 23:11:24,932 INFO o.a.j.t.ThreadGroup: Starting thread group... number=1 threads=2 ramp-up=1 delayedStart=false
2023-01-07 23:11:24,934 INFO o.a.j.t.ThreadGroup: Started thread group number 1
2023-01-07 23:11:24,937 INFO o.a.j.e.StandardJMeterEngine: All thread groups have been started
2023-01-07 23:11:24,960 INFO o.a.j.t.JMeterThread: Thread started: Thread Group 1-1
2023-01-07 23:11:25,477 INFO o.a.j.t.JMeterThread: Thread started: Thread Group 1-2
2023-01-07 23:11:27,194 INFO o.a.j.t.JMeterThread: Thread is done: Thread Group 1-1
2023-01-07 23:11:27,194 INFO o.a.j.t.JMeterThread: Thread finished: Thread Group 1-1
2023-01-07 23:11:27,653 INFO o.a.j.t.JMeterThread: Thread is done: Thread Group 1-2
2023-01-07 23:11:27,653 INFO o.a.j.t.JMeterThread: Thread finished: Thread Group 1-2
2023-01-07 23:11:27,654 INFO o.a.j.e.StandardJMeterEngine: Notifying test listeners of end of test
2023-01-07 23:11:27,655 INFO o.a.j.g.u.JMeterMenuBar: setRunning(false, *local*)
2023-01-07 23:13:46,549 INFO o.a.j.e.StandardJMeterEngine: Running the test!
2023-01-07 23:13:46,550 INFO o.a.j.s.SampleEvent: List of sample_variables: []
2023-01-07 23:13:46,552 INFO o.a.j.g.u.JMeterMenuBar: setRunning(true, *local*)
2023-01-07 23:13:46,619 INFO o.a.j.e.StandardJMeterEngine: Starting ThreadGroup: 1 : Thread Group
2023-01-07 23:13:46,619 INFO o.a.j.e.StandardJMeterEngine: Starting 2 threads for group Thread Group.
2023-01-07 23:13:46,619 INFO o.a.j.e.StandardJMeterEngine: Thread will continue on error
2023-01-07 23:13:46,620 INFO o.a.j.t.ThreadGroup: Starting thread group... number=1 threads=2 ramp-up=1 delayedStart=false
2023-01-07 23:13:46,621 INFO o.a.j.t.ThreadGroup: Started thread group number 1
2023-01-07 23:13:46,622 INFO o.a.j.e.StandardJMeterEngine: All thread groups have been started
2023-01-07 23:13:46,623 INFO o.a.j.t.JMeterThread: Thread started: Thread Group 1-1
2023-01-07 23:13:47,123 INFO o.a.j.t.JMeterThread: Thread started: Thread Group 1-2
2023-01-07 23:13:48,952 INFO o.a.j.t.JMeterThread: Thread is done: Thread Group 1-1
2023-01-07 23:13:48,952 INFO o.a.j.t.JMeterThread: Thread finished: Thread Group 1-1
2023-01-07 23:13:49,299 INFO o.a.j.t.JMeterThread: Thread is done: Thread Group 1-2
2023-01-07 23:13:49,299 INFO o.a.j.t.JMeterThread: Thread finished: Thread Group 1-2
2023-01-07 23:13:49,302 INFO o.a.j.e.StandardJMeterEngine: Notifying test listeners of end of test
2023-01-07 23:13:49,303 INFO o.a.j.g.u.JMeterMenuBar: setRunning(false, *local*)
2023-01-07 23:13:51,286 INFO o.a.j.e.StandardJMeterEngine: Running the test!
2023-01-07 23:13:51,288 INFO o.a.j.s.SampleEvent: List of sample_variables: []
2023-01-07 23:13:51,290 INFO o.a.j.g.u.JMeterMenuBar: setRunning(true, *local*)
2023-01-07 23:13:51,308 INFO o.a.j.e.StandardJMeterEngine: Starting ThreadGroup: 1 : Thread Group
2023-01-07 23:13:51,309 INFO o.a.j.e.StandardJMeterEngine: Starting 2 threads for group Thread Group.
2023-01-07 23:13:51,309 INFO o.a.j.e.StandardJMeterEngine: Thread will continue on error
2023-01-07 23:13:51,309 INFO o.a.j.t.ThreadGroup: Starting thread group... number=1 threads=2 ramp-up=1 delayedStart=false
2023-01-07 23:13:51,310 INFO o.a.j.t.ThreadGroup: Started thread group number 1
2023-01-07 23:13:51,311 INFO o.a.j.e.StandardJMeterEngine: All thread groups have been started
2023-01-07 23:13:51,312 INFO o.a.j.t.JMeterThread: Thread started: Thread Group 1-1
2023-01-07 23:13:51,811 INFO o.a.j.t.JMeterThread: Thread started: Thread Group 1-2
2023-01-07 23:13:53,508 INFO o.a.j.t.JMeterThread: Thread is done: Thread Group 1-1
2023-01-07 23:13:53,508 INFO o.a.j.t.JMeterThread: Thread finished: Thread Group 1-1
2023-01-07 23:13:53,966 INFO o.a.j.t.JMeterThread: Thread is done: Thread Group 1-2
2023-01-07 23:13:53,967 INFO o.a.j.t.JMeterThread: Thread finished: Thread Group 1-2
2023-01-07 23:13:53,970 INFO o.a.j.e.StandardJMeterEngine: Notifying test listeners of end of test
2023-01-07 23:13:53,971 INFO o.a.j.g.u.JMeterMenuBar: setRunning(false, *local*)
2023-01-07 23:15:07,719 INFO o.a.j.e.StandardJMeterEngine: Running the test!
2023-01-07 23:15:07,721 INFO o.a.j.s.SampleEvent: List of sample_variables: []
2023-01-07 23:15:07,723 INFO o.a.j.g.u.JMeterMenuBar: setRunning(true, *local*)
2023-01-07 23:15:07,746 INFO o.a.j.e.StandardJMeterEngine: Starting ThreadGroup: 1 : Thread Group
2023-01-07 23:15:07,746 INFO o.a.j.e.StandardJMeterEngine: Starting 2 threads for group Thread Group.
2023-01-07 23:15:07,746 INFO o.a.j.e.StandardJMeterEngine: Thread will continue on error
2023-01-07 23:15:07,747 INFO o.a.j.t.ThreadGroup: Starting thread group... number=1 threads=2 ramp-up=1 delayedStart=false
2023-01-07 23:15:07,748 INFO o.a.j.t.ThreadGroup: Started thread group number 1
2023-01-07 23:15:07,750 INFO o.a.j.e.StandardJMeterEngine: All thread groups have been started
2023-01-07 23:15:07,752 INFO o.a.j.t.JMeterThread: Thread started: Thread Group 1-1
2023-01-07 23:15:08,257 INFO o.a.j.t.JMeterThread: Thread started: Thread Group 1-2
2023-01-07 23:15:10,353 INFO o.a.j.t.JMeterThread: Thread is done: Thread Group 1-2
2023-01-07 23:15:10,353 INFO o.a.j.t.JMeterThread: Thread finished: Thread Group 1-2
2023-01-07 23:15:10,521 INFO o.a.j.t.JMeterThread: Thread is done: Thread Group 1-1
2023-01-07 23:15:10,522 INFO o.a.j.t.JMeterThread: Thread finished: Thread Group 1-1
2023-01-07 23:15:10,523 INFO o.a.j.e.StandardJMeterEngine: Notifying test listeners of end of test
2023-01-07 23:15:10,523 INFO o.a.j.g.u.JMeterMenuBar: setRunning(false, *local*)
2023-01-07 23:16:54,864 INFO o.a.j.e.StandardJMeterEngine: Running the test!
2023-01-07 23:16:54,865 INFO o.a.j.s.SampleEvent: List of sample_variables: []
2023-01-07 23:16:54,866 INFO o.a.j.g.u.JMeterMenuBar: setRunning(true, *local*)
2023-01-07 23:16:54,941 INFO o.a.j.e.StandardJMeterEngine: Starting ThreadGroup: 1 : Thread Group
2023-01-07 23:16:54,942 INFO o.a.j.e.StandardJMeterEngine: Starting 2 threads for group Thread Group.
2023-01-07 23:16:54,942 INFO o.a.j.e.StandardJMeterEngine: Thread will continue on error
2023-01-07 23:16:54,942 INFO o.a.j.t.ThreadGroup: Starting thread group... number=1 threads=2 ramp-up=1 delayedStart=false
2023-01-07 23:16:54,945 INFO o.a.j.t.ThreadGroup: Started thread group number 1
2023-01-07 23:16:54,945 INFO o.a.j.e.StandardJMeterEngine: All thread groups have been started
2023-01-07 23:16:54,945 INFO o.a.j.t.JMeterThread: Thread started: Thread Group 1-1
2023-01-07 23:16:55,445 INFO o.a.j.t.JMeterThread: Thread started: Thread Group 1-2
2023-01-07 23:16:57,075 INFO o.a.j.t.JMeterThread: Thread is done: Thread Group 1-1
2023-01-07 23:16:57,075 INFO o.a.j.t.JMeterThread: Thread finished: Thread Group 1-1
2023-01-07 23:16:57,502 INFO o.a.j.t.JMeterThread: Thread is done: Thread Group 1-2
2023-01-07 23:16:57,503 INFO o.a.j.t.JMeterThread: Thread finished: Thread Group 1-2
2023-01-07 23:16:57,504 INFO o.a.j.e.StandardJMeterEngine: Notifying test listeners of end of test
2023-01-07 23:16:57,505 INFO o.a.j.g.u.JMeterMenuBar: setRunning(false, *local*)
2023-01-07 23:17:14,920 INFO o.a.j.e.StandardJMeterEngine: Running the test!
2023-01-07 23:17:14,921 INFO o.a.j.s.SampleEvent: List of sample_variables: []
2023-01-07 23:17:14,923 INFO o.a.j.g.u.JMeterMenuBar: setRunning(true, *local*)
2023-01-07 23:17:14,943 INFO o.a.j.e.StandardJMeterEngine: Starting ThreadGroup: 1 : Thread Group
2023-01-07 23:17:14,943 INFO o.a.j.e.StandardJMeterEngine: Starting 2 threads for group Thread Group.
2023-01-07 23:17:14,943 INFO o.a.j.e.StandardJMeterEngine: Thread will continue on error
2023-01-07 23:17:14,944 INFO o.a.j.t.ThreadGroup: Starting thread group... number=1 threads=2 ramp-up=1 delayedStart=false
2023-01-07 23:17:14,945 INFO o.a.j.t.ThreadGroup: Started thread group number 1
2023-01-07 23:17:14,946 INFO o.a.j.e.StandardJMeterEngine: All thread groups have been started
2023-01-07 23:17:14,947 INFO o.a.j.t.JMeterThread: Thread started: Thread Group 1-1
2023-01-07 23:17:15,454 INFO o.a.j.t.JMeterThread: Thread started: Thread Group 1-2
2023-01-07 23:17:17,431 INFO o.a.j.t.JMeterThread: Thread is done: Thread Group 1-2
2023-01-07 23:17:17,431 INFO o.a.j.t.JMeterThread: Thread finished: Thread Group 1-2
2023-01-07 23:17:18,386 INFO o.a.j.t.JMeterThread: Thread is done: Thread Group 1-1
2023-01-07 23:17:18,387 INFO o.a.j.t.JMeterThread: Thread finished: Thread Group 1-1
2023-01-07 23:17:18,389 INFO o.a.j.e.StandardJMeterEngine: Notifying test listeners of end of test
2023-01-07 23:17:18,390 INFO o.a.j.g.u.JMeterMenuBar: setRunning(false, *local*)
2023-01-07 23:19:58,831 INFO o.a.j.e.StandardJMeterEngine: Running the test!
2023-01-07 23:19:58,831 INFO o.a.j.s.SampleEvent: List of sample_variables: []
2023-01-07 23:19:58,833 INFO o.a.j.g.u.JMeterMenuBar: setRunning(true, *local*)
2023-01-07 23:19:58,838 INFO o.a.j.e.StandardJMeterEngine: Starting ThreadGroup: 1 : Thread Group
2023-01-07 23:19:58,839 INFO o.a.j.e.StandardJMeterEngine: Starting 2 threads for group Thread Group.
2023-01-07 23:19:58,839 INFO o.a.j.e.StandardJMeterEngine: Thread will continue on error
2023-01-07 23:19:58,839 INFO o.a.j.t.ThreadGroup: Starting thread group... number=1 threads=2 ramp-up=1 delayedStart=false
2023-01-07 23:19:58,841 INFO o.a.j.t.ThreadGroup: Started thread group number 1
2023-01-07 23:19:58,841 INFO o.a.j.e.StandardJMeterEngine: All thread groups have been started
2023-01-07 23:19:58,847 INFO o.a.j.t.JMeterThread: Thread started: Thread Group 1-1
2023-01-07 23:19:59,350 INFO o.a.j.t.JMeterThread: Thread started: Thread Group 1-2
2023-01-07 23:20:01,077 INFO o.a.j.t.JMeterThread: Thread is done: Thread Group 1-1
2023-01-07 23:20:01,077 INFO o.a.j.t.JMeterThread: Thread finished: Thread Group 1-1
2023-01-07 23:20:01,380 INFO o.a.j.t.JMeterThread: Thread is done: Thread Group 1-2
2023-01-07 23:20:01,380 INFO o.a.j.t.JMeterThread: Thread finished: Thread Group 1-2
2023-01-07 23:20:01,381 INFO o.a.j.e.StandardJMeterEngine: Notifying test listeners of end of test
2023-01-07 23:20:01,382 INFO o.a.j.g.u.JMeterMenuBar: setRunning(false, *local*)
2023-01-07 23:22:40,187 INFO o.a.j.e.StandardJMeterEngine: Running the test!
2023-01-07 23:22:40,188 INFO o.a.j.s.SampleEvent: List of sample_variables: []
2023-01-07 23:22:40,191 INFO o.a.j.g.u.JMeterMenuBar: setRunning(true, *local*)
2023-01-07 23:22:40,260 INFO o.a.j.e.StandardJMeterEngine: Starting ThreadGroup: 1 : Thread Group
2023-01-07 23:22:40,260 INFO o.a.j.e.StandardJMeterEngine: Starting 2 threads for group Thread Group.
2023-01-07 23:22:40,260 INFO o.a.j.e.StandardJMeterEngine: Thread will continue on error
2023-01-07 23:22:40,260 INFO o.a.j.t.ThreadGroup: Starting thread group... number=1 threads=2 ramp-up=1 delayedStart=false
2023-01-07 23:22:40,260 INFO o.a.j.t.ThreadGroup: Started thread group number 1
2023-01-07 23:22:40,260 INFO o.a.j.e.StandardJMeterEngine: All thread groups have been started
2023-01-07 23:22:40,260 INFO o.a.j.t.JMeterThread: Thread started: Thread Group 1-1
2023-01-07 23:22:40,789 INFO o.a.j.t.JMeterThread: Thread started: Thread Group 1-2
2023-01-07 23:22:42,446 INFO o.a.j.t.JMeterThread: Thread is done: Thread Group 1-1
2023-01-07 23:22:42,462 INFO o.a.j.t.JMeterThread: Thread finished: Thread Group 1-1
2023-01-07 23:22:44,151 INFO o.a.j.t.JMeterThread: Thread is done: Thread Group 1-2
2023-01-07 23:22:44,151 INFO o.a.j.t.JMeterThread: Thread finished: Thread Group 1-2
2023-01-07 23:22:44,151 INFO o.a.j.e.StandardJMeterEngine: Notifying test listeners of end of test
2023-01-07 23:22:44,151 INFO o.a.j.g.u.JMeterMenuBar: setRunning(false, *local*)
2023-01-07 23:22:56,847 INFO o.a.j.e.StandardJMeterEngine: Running the test!
2023-01-07 23:22:56,848 INFO o.a.j.s.SampleEvent: List of sample_variables: []
2023-01-07 23:22:56,849 INFO o.a.j.g.u.JMeterMenuBar: setRunning(true, *local*)
2023-01-07 23:22:56,853 INFO o.a.j.e.StandardJMeterEngine: Starting ThreadGroup: 1 : Thread Group
2023-01-07 23:22:56,854 INFO o.a.j.e.StandardJMeterEngine: Starting 2 threads for group Thread Group.
2023-01-07 23:22:56,854 INFO o.a.j.e.StandardJMeterEngine: Thread will continue on error
2023-01-07 23:22:56,854 INFO o.a.j.t.ThreadGroup: Starting thread group... number=1 threads=2 ramp-up=1 delayedStart=false
2023-01-07 23:22:56,856 INFO o.a.j.t.ThreadGroup: Started thread group number 1
2023-01-07 23:22:56,856 INFO o.a.j.e.StandardJMeterEngine: All thread groups have been started
2023-01-07 23:22:56,860 INFO o.a.j.t.JMeterThread: Thread started: Thread Group 1-1
2023-01-07 23:22:57,364 INFO o.a.j.t.JMeterThread: Thread started: Thread Group 1-2
2023-01-07 23:22:58,872 INFO o.a.j.t.JMeterThread: Thread is done: Thread Group 1-1
2023-01-07 23:22:58,872 INFO o.a.j.t.JMeterThread: Thread finished: Thread Group 1-1
2023-01-07 23:22:59,474 INFO o.a.j.t.JMeterThread: Thread is done: Thread Group 1-2
2023-01-07 23:22:59,474 INFO o.a.j.t.JMeterThread: Thread finished: Thread Group 1-2
2023-01-07 23:22:59,474 INFO o.a.j.e.StandardJMeterEngine: Notifying test listeners of end of test
2023-01-07 23:22:59,474 INFO o.a.j.g.u.JMeterMenuBar: setRunning(false, *local*)
2023-01-07 23:23:24,345 INFO o.a.j.e.StandardJMeterEngine: Running the test!
2023-01-07 23:23:24,345 INFO o.a.j.s.SampleEvent: List of sample_variables: []
2023-01-07 23:23:24,348 INFO o.a.j.g.u.JMeterMenuBar: setRunning(true, *local*)
2023-01-07 23:23:24,397 INFO o.a.j.e.StandardJMeterEngine: Starting ThreadGroup: 1 : Thread Group
2023-01-07 23:23:24,397 INFO o.a.j.e.StandardJMeterEngine: Starting 2 threads for group Thread Group.
2023-01-07 23:23:24,397 INFO o.a.j.e.StandardJMeterEngine: Thread will continue on error
2023-01-07 23:23:24,397 INFO o.a.j.t.ThreadGroup: Starting thread group... number=1 threads=2 ramp-up=1 delayedStart=false
2023-01-07 23:23:24,397 INFO o.a.j.t.ThreadGroup: Started thread group number 1
2023-01-07 23:23:24,397 INFO o.a.j.t.JMeterThread: Thread started: Thread Group 1-1
2023-01-07 23:23:24,397 INFO o.a.j.e.StandardJMeterEngine: All thread groups have been started
2023-01-07 23:23:24,929 INFO o.a.j.t.JMeterThread: Thread started: Thread Group 1-2
2023-01-07 23:23:25,246 WARN o.a.j.e.HtmlExtractor: CSS Selector Extractor: Error while generating result. org.jsoup.select.Selector$SelectorParseException: Could not parse query '//div[@class='col-lg-3 col-md-6 pb-4']': unexpected token at '//div[@class='col-lg-3 col-md-6 pb-4']'
2023-01-07 23:23:25,412 WARN o.a.j.e.HtmlExtractor: CSS Selector Extractor: Error while generating result. org.jsoup.select.Selector$SelectorParseException: Could not parse query '//div[@class='col-lg-3 col-md-6 pb-4']': unexpected token at '//div[@class='col-lg-3 col-md-6 pb-4']'
2023-01-07 23:23:25,579 WARN o.a.j.e.HtmlExtractor: CSS Selector Extractor: Error while generating result. org.jsoup.select.Selector$SelectorParseException: Could not parse query '//div[@class='col-lg-3 col-md-6 pb-4']': unexpected token at '//div[@class='col-lg-3 col-md-6 pb-4']'
2023-01-07 23:23:25,731 WARN o.a.j.e.HtmlExtractor: CSS Selector Extractor: Error while generating result. org.jsoup.select.Selector$SelectorParseException: Could not parse query '//div[@class='col-lg-3 col-md-6 pb-4']': unexpected token at '//div[@class='col-lg-3 col-md-6 pb-4']'
2023-01-07 23:23:25,747 WARN o.a.j.e.HtmlExtractor: CSS Selector Extractor: Error while generating result. org.jsoup.select.Selector$SelectorParseException: Could not parse query '//div[@class='col-lg-3 col-md-6 pb-4']': unexpected token at '//div[@class='col-lg-3 col-md-6 pb-4']'
2023-01-07 23:23:25,751 WARN o.a.j.e.HtmlExtractor: CSS Selector Extractor: Error while generating result. org.jsoup.select.Selector$SelectorParseException: Could not parse query '//div[@class='col-lg-3 col-md-6 pb-4']': unexpected token at '//div[@class='col-lg-3 col-md-6 pb-4']'
2023-01-07 23:23:25,931 WARN o.a.j.e.HtmlExtractor: CSS Selector Extractor: Error while generating result. org.jsoup.select.Selector$SelectorParseException: Could not parse query '//div[@class='col-lg-3 col-md-6 pb-4']': unexpected token at '//div[@class='col-lg-3 col-md-6 pb-4']'
2023-01-07 23:23:25,994 WARN o.a.j.e.HtmlExtractor: CSS Selector Extractor: Error while generating result. org.jsoup.select.Selector$SelectorParseException: Could not parse query '//div[@class='col-lg-3 col-md-6 pb-4']': unexpected token at '//div[@class='col-lg-3 col-md-6 pb-4']'
2023-01-07 23:23:26,114 WARN o.a.j.e.HtmlExtractor: CSS Selector Extractor: Error while generating result. org.jsoup.select.Selector$SelectorParseException: Could not parse query '//div[@class='col-lg-3 col-md-6 pb-4']': unexpected token at '//div[@class='col-lg-3 col-md-6 pb-4']'
2023-01-07 23:23:26,163 WARN o.a.j.e.HtmlExtractor: CSS Selector Extractor: Error while generating result. org.jsoup.select.Selector$SelectorParseException: Could not parse query '//div[@class='col-lg-3 col-md-6 pb-4']': unexpected token at '//div[@class='col-lg-3 col-md-6 pb-4']'
2023-01-07 23:23:26,295 WARN o.a.j.e.HtmlExtractor: CSS Selector Extractor: Error while generating result. org.jsoup.select.Selector$SelectorParseException: Could not parse query '//div[@class='col-lg-3 col-md-6 pb-4']': unexpected token at '//div[@class='col-lg-3 col-md-6 pb-4']'
2023-01-07 23:23:26,296 WARN o.a.j.e.HtmlExtractor: CSS Selector Extractor: Error while generating result. org.jsoup.select.Selector$SelectorParseException: Could not parse query '//div[@class='col-lg-3 col-md-6 pb-4']': unexpected token at '//div[@class='col-lg-3 col-md-6 pb-4']'
2023-01-07 23:23:26,313 WARN o.a.j.e.HtmlExtractor: CSS Selector Extractor: Error while generating result. org.jsoup.select.Selector$SelectorParseException: Could not parse query '//div[@class='col-lg-3 col-md-6 pb-4']': unexpected token at '//div[@class='col-lg-3 col-md-6 pb-4']'
2023-01-07 23:23:26,479 WARN o.a.j.e.HtmlExtractor: CSS Selector Extractor: Error while generating result. org.jsoup.select.Selector$SelectorParseException: Could not parse query '//div[@class='col-lg-3 col-md-6 pb-4']': unexpected token at '//div[@class='col-lg-3 col-md-6 pb-4']'
2023-01-07 23:23:26,481 WARN o.a.j.e.HtmlExtractor: CSS Selector Extractor: Error while generating result. org.jsoup.select.Selector$SelectorParseException: Could not parse query '//div[@class='col-lg-3 col-md-6 pb-4']': unexpected token at '//div[@class='col-lg-3 col-md-6 pb-4']'
2023-01-07 23:23:26,481 INFO o.a.j.t.JMeterThread: Thread is done: Thread Group 1-1
2023-01-07 23:23:26,481 INFO o.a.j.t.JMeterThread: Thread finished: Thread Group 1-1
2023-01-07 23:23:26,560 WARN o.a.j.e.HtmlExtractor: CSS Selector Extractor: Error while generating result. org.jsoup.select.Selector$SelectorParseException: Could not parse query '//div[@class='col-lg-3 col-md-6 pb-4']': unexpected token at '//div[@class='col-lg-3 col-md-6 pb-4']'
2023-01-07 23:23:26,747 WARN o.a.j.e.HtmlExtractor: CSS Selector Extractor: Error while generating result. org.jsoup.select.Selector$SelectorParseException: Could not parse query '//div[@class='col-lg-3 col-md-6 pb-4']': unexpected token at '//div[@class='col-lg-3 col-md-6 pb-4']'
2023-01-07 23:23:26,912 WARN o.a.j.e.HtmlExtractor: CSS Selector Extractor: Error while generating result. org.jsoup.select.Selector$SelectorParseException: Could not parse query '//div[@class='col-lg-3 col-md-6 pb-4']': unexpected token at '//div[@class='col-lg-3 col-md-6 pb-4']'
2023-01-07 23:23:27,096 WARN o.a.j.e.HtmlExtractor: CSS Selector Extractor: Error while generating result. org.jsoup.select.Selector$SelectorParseException: Could not parse query '//div[@class='col-lg-3 col-md-6 pb-4']': unexpected token at '//div[@class='col-lg-3 col-md-6 pb-4']'
2023-01-07 23:23:27,096 WARN o.a.j.e.HtmlExtractor: CSS Selector Extractor: Error while generating result. org.jsoup.select.Selector$SelectorParseException: Could not parse query '//div[@class='col-lg-3 col-md-6 pb-4']': unexpected token at '//div[@class='col-lg-3 col-md-6 pb-4']'
2023-01-07 23:23:27,096 INFO o.a.j.t.JMeterThread: Thread is done: Thread Group 1-2
2023-01-07 23:23:27,096 INFO o.a.j.t.JMeterThread: Thread finished: Thread Group 1-2
2023-01-07 23:23:27,096 INFO o.a.j.e.StandardJMeterEngine: Notifying test listeners of end of test
2023-01-07 23:23:27,096 INFO o.a.j.g.u.JMeterMenuBar: setRunning(false, *local*)
2023-01-07 23:23:40,600 INFO o.a.j.e.StandardJMeterEngine: Running the test!
2023-01-07 23:23:40,600 INFO o.a.j.s.SampleEvent: List of sample_variables: []
2023-01-07 23:23:40,600 INFO o.a.j.g.u.JMeterMenuBar: setRunning(true, *local*)
2023-01-07 23:23:40,658 INFO o.a.j.e.StandardJMeterEngine: Starting ThreadGroup: 1 : Thread Group
2023-01-07 23:23:40,658 INFO o.a.j.e.StandardJMeterEngine: Starting 2 threads for group Thread Group.
2023-01-07 23:23:40,658 INFO o.a.j.e.StandardJMeterEngine: Thread will continue on error
2023-01-07 23:23:40,673 INFO o.a.j.t.ThreadGroup: Starting thread group... number=1 threads=2 ramp-up=1 delayedStart=false
2023-01-07 23:23:40,675 INFO o.a.j.t.ThreadGroup: Started thread group number 1
2023-01-07 23:23:40,675 INFO o.a.j.e.StandardJMeterEngine: All thread groups have been started
2023-01-07 23:23:40,676 INFO o.a.j.t.JMeterThread: Thread started: Thread Group 1-1
2023-01-07 23:23:41,180 INFO o.a.j.t.JMeterThread: Thread started: Thread Group 1-2
2023-01-07 23:23:43,130 INFO o.a.j.t.JMeterThread: Thread is done: Thread Group 1-1
2023-01-07 23:23:43,130 INFO o.a.j.t.JMeterThread: Thread finished: Thread Group 1-1
2023-01-07 23:23:43,409 INFO o.a.j.t.JMeterThread: Thread is done: Thread Group 1-2
2023-01-07 23:23:43,409 INFO o.a.j.t.JMeterThread: Thread finished: Thread Group 1-2
2023-01-07 23:23:43,409 INFO o.a.j.e.StandardJMeterEngine: Notifying test listeners of end of test
2023-01-07 23:23:43,423 INFO o.a.j.g.u.JMeterMenuBar: setRunning(false, *local*)
2023-01-07 23:24:20,210 INFO o.a.j.e.StandardJMeterEngine: Running the test!
2023-01-07 23:24:20,210 INFO o.a.j.s.SampleEvent: List of sample_variables: []
2023-01-07 23:24:20,212 INFO o.a.j.g.u.JMeterMenuBar: setRunning(true, *local*)
2023-01-07 23:24:20,303 INFO o.a.j.e.StandardJMeterEngine: Starting ThreadGroup: 1 : Thread Group
2023-01-07 23:24:20,303 INFO o.a.j.e.StandardJMeterEngine: Starting 2 threads for group Thread Group.
2023-01-07 23:24:20,303 INFO o.a.j.e.StandardJMeterEngine: Thread will continue on error
2023-01-07 23:24:20,303 INFO o.a.j.t.ThreadGroup: Starting thread group... number=1 threads=2 ramp-up=1 delayedStart=false
2023-01-07 23:24:20,303 INFO o.a.j.t.ThreadGroup: Started thread group number 1
2023-01-07 23:24:20,303 INFO o.a.j.e.StandardJMeterEngine: All thread groups have been started
2023-01-07 23:24:20,303 INFO o.a.j.t.JMeterThread: Thread started: Thread Group 1-1
2023-01-07 23:24:20,809 INFO o.a.j.t.JMeterThread: Thread started: Thread Group 1-2
2023-01-07 23:24:22,408 INFO o.a.j.t.JMeterThread: Thread is done: Thread Group 1-1
2023-01-07 23:24:22,408 INFO o.a.j.t.JMeterThread: Thread finished: Thread Group 1-1
2023-01-07 23:24:22,994 INFO o.a.j.t.JMeterThread: Thread is done: Thread Group 1-2
2023-01-07 23:24:22,994 INFO o.a.j.t.JMeterThread: Thread finished: Thread Group 1-2
2023-01-07 23:24:22,994 INFO o.a.j.e.StandardJMeterEngine: Notifying test listeners of end of test
2023-01-07 23:24:22,994 INFO o.a.j.g.u.JMeterMenuBar: setRunning(false, *local*)
2023-01-07 23:41:44,474 INFO o.a.j.e.StandardJMeterEngine: Running the test!
2023-01-07 23:41:44,475 INFO o.a.j.s.SampleEvent: List of sample_variables: []
2023-01-07 23:41:44,476 INFO o.a.j.g.u.JMeterMenuBar: setRunning(true, *local*)
2023-01-07 23:41:44,538 INFO o.a.j.e.StandardJMeterEngine: Starting ThreadGroup: 1 : Thread Group
2023-01-07 23:41:44,538 INFO o.a.j.e.StandardJMeterEngine: Starting 2 threads for group Thread Group.
2023-01-07 23:41:44,538 INFO o.a.j.e.StandardJMeterEngine: Thread will continue on error
2023-01-07 23:41:44,539 INFO o.a.j.t.ThreadGroup: Starting thread group... number=1 threads=2 ramp-up=1 delayedStart=false
2023-01-07 23:41:44,540 INFO o.a.j.t.ThreadGroup: Started thread group number 1
2023-01-07 23:41:44,540 INFO o.a.j.e.StandardJMeterEngine: All thread groups have been started
2023-01-07 23:41:44,540 INFO o.a.j.t.JMeterThread: Thread started: Thread Group 1-1
2023-01-07 23:41:45,047 INFO o.a.j.t.JMeterThread: Thread started: Thread Group 1-2
2023-01-07 23:41:47,257 INFO o.a.j.t.JMeterThread: Thread is done: Thread Group 1-2
2023-01-07 23:41:47,257 INFO o.a.j.t.JMeterThread: Thread finished: Thread Group 1-2
2023-01-07 23:41:47,274 INFO o.a.j.t.JMeterThread: Thread is done: Thread Group 1-1
2023-01-07 23:41:47,274 INFO o.a.j.t.JMeterThread: Thread finished: Thread Group 1-1
2023-01-07 23:41:47,276 INFO o.a.j.e.StandardJMeterEngine: Notifying test listeners of end of test
2023-01-07 23:41:47,276 INFO o.a.j.g.u.JMeterMenuBar: setRunning(false, *local*)
2023-01-07 23:42:38,774 INFO o.a.j.e.StandardJMeterEngine: Running the test!
2023-01-07 23:42:38,774 INFO o.a.j.s.SampleEvent: List of sample_variables: []
2023-01-07 23:42:38,776 INFO o.a.j.g.u.JMeterMenuBar: setRunning(true, *local*)
2023-01-07 23:42:38,861 INFO o.a.j.e.StandardJMeterEngine: Starting ThreadGroup: 1 : Thread Group
2023-01-07 23:42:38,861 INFO o.a.j.e.StandardJMeterEngine: Starting 2 threads for group Thread Group.
2023-01-07 23:42:38,862 INFO o.a.j.e.StandardJMeterEngine: Thread will continue on error
2023-01-07 23:42:38,862 INFO o.a.j.t.ThreadGroup: Starting thread group... number=1 threads=2 ramp-up=1 delayedStart=false
2023-01-07 23:42:38,863 INFO o.a.j.t.ThreadGroup: Started thread group number 1
2023-01-07 23:42:38,863 INFO o.a.j.e.StandardJMeterEngine: All thread groups have been started
2023-01-07 23:42:38,865 INFO o.a.j.t.JMeterThread: Thread started: Thread Group 1-1
2023-01-07 23:42:39,384 INFO o.a.j.t.JMeterThread: Thread started: Thread Group 1-2
2023-01-07 23:42:41,008 INFO o.a.j.t.JMeterThread: Thread is done: Thread Group 1-1
2023-01-07 23:42:41,009 INFO o.a.j.t.JMeterThread: Thread finished: Thread Group 1-1
2023-01-07 23:42:41,302 INFO o.a.j.t.JMeterThread: Thread is done: Thread Group 1-2
2023-01-07 23:42:41,303 INFO o.a.j.t.JMeterThread: Thread finished: Thread Group 1-2
2023-01-07 23:42:41,303 INFO o.a.j.e.StandardJMeterEngine: Notifying test listeners of end of test
2023-01-07 23:42:41,304 INFO o.a.j.g.u.JMeterMenuBar: setRunning(false, *local*)
2023-01-07 23:42:58,436 INFO o.a.j.e.StandardJMeterEngine: Running the test!
2023-01-07 23:42:58,436 INFO o.a.j.s.SampleEvent: List of sample_variables: []
2023-01-07 23:42:58,437 INFO o.a.j.g.u.JMeterMenuBar: setRunning(true, *local*)
2023-01-07 23:42:58,522 INFO o.a.j.e.StandardJMeterEngine: Starting ThreadGroup: 1 : Thread Group
2023-01-07 23:42:58,522 INFO o.a.j.e.StandardJMeterEngine: Starting 2 threads for group Thread Group.
2023-01-07 23:42:58,522 INFO o.a.j.e.StandardJMeterEngine: Thread will continue on error
2023-01-07 23:42:58,523 INFO o.a.j.t.ThreadGroup: Starting thread group... number=1 threads=2 ramp-up=1 delayedStart=false
2023-01-07 23:42:58,524 INFO o.a.j.t.ThreadGroup: Started thread group number 1
2023-01-07 23:42:58,525 INFO o.a.j.e.StandardJMeterEngine: All thread groups have been started
2023-01-07 23:42:58,526 INFO o.a.j.t.JMeterThread: Thread started: Thread Group 1-1
2023-01-07 23:42:59,028 INFO o.a.j.t.JMeterThread: Thread started: Thread Group 1-2
2023-01-07 23:43:00,529 INFO o.a.j.t.JMeterThread: Thread is done: Thread Group 1-1
2023-01-07 23:43:00,530 INFO o.a.j.t.JMeterThread: Thread finished: Thread Group 1-1
2023-01-07 23:43:01,175 INFO o.a.j.t.JMeterThread: Thread is done: Thread Group 1-2
2023-01-07 23:43:01,175 INFO o.a.j.t.JMeterThread: Thread finished: Thread Group 1-2
2023-01-07 23:43:01,176 INFO o.a.j.e.StandardJMeterEngine: Notifying test listeners of end of test
2023-01-07 23:43:01,176 INFO o.a.j.g.u.JMeterMenuBar: setRunning(false, *local*)
